<?xml version="1.0" encoding="UTF-8"?>
<!-- Generated by org.testng.reporters.JUnitReportReporter -->
<testsuite skipped="0" hostname="DESKTOP-OL729TN" name="com.bankguru.customer.NewCustomer" tests="28" failures="1" timestamp="04 Dec 2021 07:52:54 GMT" time="40.889" errors="1">
  <testcase name="NC_18_verifyPinFieldMustHaveSixDigits" time="0.297" classname="com.bankguru.customer.NewCustomer"/>
  <testcase name="NC_13_verifyStateFieldCannotBeNumeric" time="0.397" classname="com.bankguru.customer.NewCustomer"/>
  <testcase name="NC_21_verifyPinFieldCannotHaveSpace" time="0.289" classname="com.bankguru.customer.NewCustomer"/>
  <testcase name="NC_17_verifyPinFieldCannotBeEmpty" time="0.356" classname="com.bankguru.customer.NewCustomer"/>
  <testcase name="NC_09_verifyCityFieldCannotBeNumeric" time="0.394" classname="com.bankguru.customer.NewCustomer"/>
  <testcase name="NC_05_verifyAddressFieldCannotBeEmpty" time="0.379" classname="com.bankguru.customer.NewCustomer"/>
  <testcase name="NC_12_verifyStateFieldCannotBeEmpty" time="0.388" classname="com.bankguru.customer.NewCustomer">
    <failure type="java.lang.AssertionError" message="expected [Sate Field must not be blank] but found [State must not be blank]">
      <![CDATA[java.lang.AssertionError: expected [Sate Field must not be blank] but found [State must not be blank]
at org.testng.Assert.fail(Assert.java:96)
at org.testng.Assert.failNotEquals(Assert.java:776)
at org.testng.Assert.assertEqualsImpl(Assert.java:137)
at org.testng.Assert.assertEquals(Assert.java:118)
at org.testng.Assert.assertEquals(Assert.java:442)
at commons.AbstractTest.checkEquals(AbstractTest.java:195)
at commons.AbstractTest.verifyEquals(AbstractTest.java:207)
at com.bankguru.customer.NewCustomer.NC_12_verifyStateFieldCannotBeEmpty(NewCustomer.java:222)
at sun.reflect.NativeMethodAccessorImpl.invoke0(Native Method)
at sun.reflect.NativeMethodAccessorImpl.invoke(NativeMethodAccessorImpl.java:62)
at sun.reflect.DelegatingMethodAccessorImpl.invoke(DelegatingMethodAccessorImpl.java:43)
at java.lang.reflect.Method.invoke(Method.java:498)
at org.testng.internal.MethodInvocationHelper.invokeMethod(MethodInvocationHelper.java:124)
at org.testng.internal.Invoker.invokeMethod(Invoker.java:583)
at org.testng.internal.Invoker.invokeTestMethod(Invoker.java:719)
at org.testng.internal.Invoker.invokeTestMethods(Invoker.java:989)
at org.testng.internal.TestMethodWorker.invokeTestMethods(TestMethodWorker.java:125)
at org.testng.internal.TestMethodWorker.run(TestMethodWorker.java:109)
at org.testng.TestRunner.privateRun(TestRunner.java:648)
at org.testng.TestRunner.run(TestRunner.java:505)
at org.testng.SuiteRunner.runTest(SuiteRunner.java:455)
at org.testng.SuiteRunner.runSequentially(SuiteRunner.java:450)
at org.testng.SuiteRunner.privateRun(SuiteRunner.java:415)
at org.testng.SuiteRunner.run(SuiteRunner.java:364)
at org.testng.SuiteRunnerWorker.runSuite(SuiteRunnerWorker.java:52)
at org.testng.SuiteRunnerWorker.run(SuiteRunnerWorker.java:84)
at org.testng.TestNG.runSuitesSequentially(TestNG.java:1208)
at org.testng.TestNG.runSuitesLocally(TestNG.java:1137)
at org.testng.TestNG.runSuites(TestNG.java:1049)
at org.testng.TestNG.run(TestNG.java:1017)
at org.testng.remote.AbstractRemoteTestNG.run(AbstractRemoteTestNG.java:115)
at org.testng.remote.RemoteTestNG.initAndRun(RemoteTestNG.java:251)
at org.testng.remote.RemoteTestNG.main(RemoteTestNG.java:77)
]]>
    </failure>
  </testcase> <!-- NC_12_verifyStateFieldCannotBeEmpty -->
  <testcase name="NC_27_verifyEmailFieldMustBeInCorrectFormat" time="0.674" classname="com.bankguru.customer.NewCustomer"/>
  <testcase name="NC_22_verifyTelephoneFieldCannotBeEmpty" time="0.375" classname="com.bankguru.customer.NewCustomer"/>
  <testcase name="NC_25_verifyTelephoneFieldCannotHaveSpecialCharacter" time="0.385" classname="com.bankguru.customer.NewCustomer"/>
  <testcase name="NC_16_verifyPinFieldMustBeNumeric" time="0.314" classname="com.bankguru.customer.NewCustomer"/>
  <testcase name="NC_23_verifyTelephoneFieldCannotHaveFirstCharacterAsSpace" time="0.296" classname="com.bankguru.customer.NewCustomer"/>
  <testcase name="NC_24_verifyTelephoneFieldCannotHaveSpaces" time="0.299" classname="com.bankguru.customer.NewCustomer"/>
  <testcase name="NC_29_verifyEmailFieldCannotHaveSpace" time="30.739" classname="com.bankguru.customer.NewCustomer">
    <error type="org.openqa.selenium.TimeoutException" message="Expected condition failed: waiting for visibility of element located by By.xpath: //label[@id=&#039;message9&#039;] (tried for 30 second(s) with 500 milliseconds interval)
Build info: version: &#039;3.141.59&#039;, revision: &#039;e82be7d358&#039;, time: &#039;2018-11-14T08:17:03&#039;
System info: host: &#039;DESKTOP-OL729TN&#039;, ip: &#039;192.168.0.110&#039;, os.name: &#039;Windows 10&#039;, os.arch: &#039;amd64&#039;, os.version: &#039;10.0&#039;, java.version: &#039;1.8.0_211&#039;
Driver info: org.openqa.selenium.chrome.ChromeDriver
Capabilities {acceptInsecureCerts: false, browserName: chrome, browserVersion: 96.0.4664.45, chrome: {chromedriverVersion: 96.0.4664.45 (76e4c1bb2ab46..., userDataDir: C:\Users\PhuongHM\AppData\L...}, goog:chromeOptions: {debuggerAddress: localhost:55781}, javascriptEnabled: true, networkConnectionEnabled: false, pageLoadStrategy: normal, platform: WINDOWS, platformName: WINDOWS, proxy: Proxy(), setWindowRect: true, strictFileInteractability: false, timeouts: {implicit: 0, pageLoad: 300000, script: 30000}, unhandledPromptBehavior: dismiss and notify, webauthn:extension:credBlob: true, webauthn:extension:largeBlob: true, webauthn:virtualAuthenticators: true}
Session ID: 50d1cee789279ab14d1075a4ea689096">
      <![CDATA[org.openqa.selenium.TimeoutException: Expected condition failed: waiting for visibility of element located by By.xpath: //label[@id='message9'] (tried for 30 second(s) with 500 milliseconds interval)
Build info: version: '3.141.59', revision: 'e82be7d358', time: '2018-11-14T08:17:03'
System info: host: 'DESKTOP-OL729TN', ip: '192.168.0.110', os.name: 'Windows 10', os.arch: 'amd64', os.version: '10.0', java.version: '1.8.0_211'
Driver info: org.openqa.selenium.chrome.ChromeDriver
Capabilities {acceptInsecureCerts: false, browserName: chrome, browserVersion: 96.0.4664.45, chrome: {chromedriverVersion: 96.0.4664.45 (76e4c1bb2ab46..., userDataDir: C:\Users\PhuongHM\AppData\L...}, goog:chromeOptions: {debuggerAddress: localhost:55781}, javascriptEnabled: true, networkConnectionEnabled: false, pageLoadStrategy: normal, platform: WINDOWS, platformName: WINDOWS, proxy: Proxy(), setWindowRect: true, strictFileInteractability: false, timeouts: {implicit: 0, pageLoad: 300000, script: 30000}, unhandledPromptBehavior: dismiss and notify, webauthn:extension:credBlob: true, webauthn:extension:largeBlob: true, webauthn:virtualAuthenticators: true}
Session ID: 50d1cee789279ab14d1075a4ea689096
at org.openqa.selenium.support.ui.WebDriverWait.timeoutException(WebDriverWait.java:95)
at org.openqa.selenium.support.ui.FluentWait.until(FluentWait.java:272)
at commons.AbstractPageObject.waitToElementVisible(AbstractPageObject.java:318)
at bankguru.pageObject.NewCustomerPO.getTextOfEmailMessage(NewCustomerPO.java:114)
at com.bankguru.customer.NewCustomer.NC_29_verifyEmailFieldCannotHaveSpace(NewCustomer.java:495)
at sun.reflect.NativeMethodAccessorImpl.invoke0(Native Method)
at sun.reflect.NativeMethodAccessorImpl.invoke(NativeMethodAccessorImpl.java:62)
at sun.reflect.DelegatingMethodAccessorImpl.invoke(DelegatingMethodAccessorImpl.java:43)
at java.lang.reflect.Method.invoke(Method.java:498)
at org.testng.internal.MethodInvocationHelper.invokeMethod(MethodInvocationHelper.java:124)
at org.testng.internal.Invoker.invokeMethod(Invoker.java:583)
at org.testng.internal.Invoker.invokeTestMethod(Invoker.java:719)
at org.testng.internal.Invoker.invokeTestMethods(Invoker.java:989)
at org.testng.internal.TestMethodWorker.invokeTestMethods(TestMethodWorker.java:125)
at org.testng.internal.TestMethodWorker.run(TestMethodWorker.java:109)
at org.testng.TestRunner.privateRun(TestRunner.java:648)
at org.testng.TestRunner.run(TestRunner.java:505)
at org.testng.SuiteRunner.runTest(SuiteRunner.java:455)
at org.testng.SuiteRunner.runSequentially(SuiteRunner.java:450)
at org.testng.SuiteRunner.privateRun(SuiteRunner.java:415)
at org.testng.SuiteRunner.run(SuiteRunner.java:364)
at org.testng.SuiteRunnerWorker.runSuite(SuiteRunnerWorker.java:52)
at org.testng.SuiteRunnerWorker.run(SuiteRunnerWorker.java:84)
at org.testng.TestNG.runSuitesSequentially(TestNG.java:1208)
at org.testng.TestNG.runSuitesLocally(TestNG.java:1137)
at org.testng.TestNG.runSuites(TestNG.java:1049)
at org.testng.TestNG.run(TestNG.java:1017)
at org.testng.remote.AbstractRemoteTestNG.run(AbstractRemoteTestNG.java:115)
at org.testng.remote.RemoteTestNG.initAndRun(RemoteTestNG.java:251)
at org.testng.remote.RemoteTestNG.main(RemoteTestNG.java:77)
]]>
    </error>
  </testcase> <!-- NC_29_verifyEmailFieldCannotHaveSpace -->
  <testcase name="NC_08_verifyCityFieldCannotBeEmpty" time="0.375" classname="com.bankguru.customer.NewCustomer"/>
  <testcase name="NC_11_verifyCityFieldCannotHaveFirstCharacterAsSpace" time="0.301" classname="com.bankguru.customer.NewCustomer"/>
  <testcase name="NC_20_verifyPinFieldCannotHaveFirstBlankSpace" time="0.292" classname="com.bankguru.customer.NewCustomer"/>
  <testcase name="NC_06_verifyAddressFieldCannotHaveFirstCharacterAsSpace" time="0.291" classname="com.bankguru.customer.NewCustomer"/>
  <testcase name="NC_26_verifyEmailFieldCannotBeEmpty" time="0.381" classname="com.bankguru.customer.NewCustomer"/>
  <testcase name="NC_14_verifyStateFieldCannotHaveSpecialCharaters" time="0.385" classname="com.bankguru.customer.NewCustomer"/>
  <testcase name="NC_30_verifyAllFieldLabelsAreAsRequirement" time="0.304" classname="com.bankguru.customer.NewCustomer"/>
  <testcase name="NC_02_verifyNameFieldCannotBeNumeric" time="0.401" classname="com.bankguru.customer.NewCustomer"/>
  <testcase name="NC_04_verifyNameFieldCannotHaveFirstCharacterAsSpace" time="0.291" classname="com.bankguru.customer.NewCustomer"/>
  <testcase name="NC_19_verifyPinFieldCannotHaveSpecialCharaters" time="0.398" classname="com.bankguru.customer.NewCustomer"/>
  <testcase name="NC_01_verifyNameFieldCannotBeEmpty" time="0.821" classname="com.bankguru.customer.NewCustomer"/>
  <testcase name="NC_15_verifyStateFieldCannotHaveFirstBlankSpace" time="0.291" classname="com.bankguru.customer.NewCustomer"/>
  <testcase name="NC_10_verifyCityFieldCannotHaveSpecialCharaters" time="0.387" classname="com.bankguru.customer.NewCustomer"/>
  <testcase name="NC_03_verifyNameFieldCannotHaveSpecialCharaters" time="0.389" classname="com.bankguru.customer.NewCustomer"/>
</testsuite> <!-- com.bankguru.customer.NewCustomer -->
