<?xml version="1.0" encoding="UTF-8"?>
<!-- Generated by org.testng.reporters.JUnitReportReporter -->
<testsuite skipped="0" hostname="DESKTOP-OL729TN" name="com.bankguru.account.EditAccount" tests="6" failures="1" timestamp="04 Dec 2021 09:49:11 GMT" time="7.607" errors="0">
  <testcase name="EA_05_verifyAccountNoFieldCannotHaveBlankSpace" time="0.832" classname="com.bankguru.account.EditAccount"/>
  <testcase name="EA_03_verifyAccountNoFieldCannotHaveSpecialCharater" time="0.919" classname="com.bankguru.account.EditAccount"/>
  <testcase name="EA_02_verifyAccountNoFieldMustBeNumberic" time="0.914" classname="com.bankguru.account.EditAccount"/>
  <testcase name="EA_06_verifyAccountNoFieldFirstCharacerCannotHaveSpace" time="0.820" classname="com.bankguru.account.EditAccount">
    <failure type="java.lang.AssertionError" message="expected [First character can not have space] but found [Characters are not allowed]">
      <![CDATA[java.lang.AssertionError: expected [First character can not have space] but found [Characters are not allowed]
at org.testng.Assert.fail(Assert.java:96)
at org.testng.Assert.failNotEquals(Assert.java:776)
at org.testng.Assert.assertEqualsImpl(Assert.java:137)
at org.testng.Assert.assertEquals(Assert.java:118)
at org.testng.Assert.assertEquals(Assert.java:442)
at commons.AbstractTest.checkEquals(AbstractTest.java:195)
at commons.AbstractTest.verifyEquals(AbstractTest.java:207)
at com.bankguru.account.EditAccount.EA_06_verifyAccountNoFieldFirstCharacerCannotHaveSpace(EditAccount.java:142)
at sun.reflect.NativeMethodAccessorImpl.invoke0(Native Method)
at sun.reflect.NativeMethodAccessorImpl.invoke(NativeMethodAccessorImpl.java:62)
at sun.reflect.DelegatingMethodAccessorImpl.invoke(DelegatingMethodAccessorImpl.java:43)
at java.lang.reflect.Method.invoke(Method.java:498)
at org.testng.internal.MethodInvocationHelper.invokeMethod(MethodInvocationHelper.java:124)
at org.testng.internal.Invoker.invokeMethod(Invoker.java:583)
at org.testng.internal.Invoker.invokeTestMethod(Invoker.java:719)
at org.testng.internal.Invoker.invokeTestMethods(Invoker.java:989)
at org.testng.internal.TestMethodWorker.invokeTestMethods(TestMethodWorker.java:125)
at org.testng.internal.TestMethodWorker.run(TestMethodWorker.java:109)
at org.testng.TestRunner.privateRun(TestRunner.java:648)
at org.testng.TestRunner.run(TestRunner.java:505)
at org.testng.SuiteRunner.runTest(SuiteRunner.java:455)
at org.testng.SuiteRunner.runSequentially(SuiteRunner.java:450)
at org.testng.SuiteRunner.privateRun(SuiteRunner.java:415)
at org.testng.SuiteRunner.run(SuiteRunner.java:364)
at org.testng.SuiteRunnerWorker.runSuite(SuiteRunnerWorker.java:52)
at org.testng.SuiteRunnerWorker.run(SuiteRunnerWorker.java:84)
at org.testng.TestNG.runSuitesSequentially(TestNG.java:1208)
at org.testng.TestNG.runSuitesLocally(TestNG.java:1137)
at org.testng.TestNG.runSuites(TestNG.java:1049)
at org.testng.TestNG.run(TestNG.java:1017)
at org.testng.remote.AbstractRemoteTestNG.run(AbstractRemoteTestNG.java:115)
at org.testng.remote.RemoteTestNG.initAndRun(RemoteTestNG.java:251)
at org.testng.remote.RemoteTestNG.main(RemoteTestNG.java:77)
]]>
    </failure>
  </testcase> <!-- EA_06_verifyAccountNoFieldFirstCharacerCannotHaveSpace -->
  <testcase name="EA_01_verifyAccountNoFieldCannotBeEmpty" time="1.262" classname="com.bankguru.account.EditAccount"/>
  <testcase name="EA_04_verifyAccountNoFieldValidAccountNumber" time="2.860" classname="com.bankguru.account.EditAccount"/>
</testsuite> <!-- com.bankguru.account.EditAccount -->
