<?xml version="1.0" encoding="utf-8" ?>
<!DOCTYPE html PUBLIC "-//W3C//DTD XHTML 1.0 Strict//EN"
        "http://www.w3.org/TR/xhtml1/DTD/xhtml1-strict.dtd">
<html xmlns="http://www.w3.org/1999/xhtml" xml:lang="" lang="">
<head>
  <title>Test Results Report - Run</title>
  <meta http-equiv="Content-Type" content="text/html;charset=utf-8" />
  <meta name="description" content="TestNG unit test results." />
  <link href="reportng.css" rel="stylesheet" type="text/css" />
    <script type="text/javascript" src="reportng.js"></script>
</head>
<body>
<h1>Run</h1>
<p>
  Test duration: 46.904s
</p>



  <table class="resultsTable">
    <tr><th colspan="3" class="header failed">Failed Tests</th></tr>
          <tr>
        <td colspan="3" class="group">com.bankguru.account.DeleteAccount</td>
      </tr>
            
<tr>
  <td class="method">
                  DA_01_verifyAccountNoFieldCannotBeEmpty
      </td>
  <td class="duration">
    0.988s
  </td>
  <td class="result">
        
    
            <div class="testOutput">
                        [INFO ] [2021-12-04 16:49:07,446] AccountNoFieldCannotBeEmpty - step 01: Click Delete Account link<br/>
&lt;br&gt;<br />
                                [INFO ] [2021-12-04 16:49:08,251] AccountNoFieldCannotBeEmpty - step 02: focus out account no textbox<br/>
&lt;br&gt;<br />
                                [INFO ] [2021-12-04 16:49:08,396] AccountNoFieldCannotBeEmpty - step 03: Verify message<br/>
&lt;br&gt;<br />
                                [INFO ] [2021-12-04 16:49:08,433]&nbsp; -------------------------- FAILED -------------------------- <br/>
&lt;br&gt;<br />
                  </div>
    

        <a href="javascript:toggleElement('exception-0', 'block')" title="Click to expand/collapse"><b>java.lang.AssertionError: expected [Customer ID is required] but found [Account Number must not be blank]</b></a><br />
    <div class="stackTrace" id="exception-0">
              org.testng.Assert.fail(Assert.java:96)<br />
              org.testng.Assert.failNotEquals(Assert.java:776)<br />
              org.testng.Assert.assertEqualsImpl(Assert.java:137)<br />
              org.testng.Assert.assertEquals(Assert.java:118)<br />
              org.testng.Assert.assertEquals(Assert.java:442)<br />
              commons.AbstractTest.checkEquals(AbstractTest.java:195)<br />
              commons.AbstractTest.verifyEquals(AbstractTest.java:207)<br />
              com.bankguru.account.DeleteAccount.DA_01_verifyAccountNoFieldCannotBeEmpty(DeleteAccount.java:51)<br />
              sun.reflect.NativeMethodAccessorImpl.invoke0(Native Method)<br />
              sun.reflect.NativeMethodAccessorImpl.invoke(NativeMethodAccessorImpl.java:62)<br />
              sun.reflect.DelegatingMethodAccessorImpl.invoke(DelegatingMethodAccessorImpl.java:43)<br />
              java.lang.reflect.Method.invoke(Method.java:498)<br />
              org.testng.internal.MethodInvocationHelper.invokeMethod(MethodInvocationHelper.java:124)<br />
              org.testng.internal.Invoker.invokeMethod(Invoker.java:583)<br />
              org.testng.internal.Invoker.invokeTestMethod(Invoker.java:719)<br />
              org.testng.internal.Invoker.invokeTestMethods(Invoker.java:989)<br />
              org.testng.internal.TestMethodWorker.invokeTestMethods(TestMethodWorker.java:125)<br />
              org.testng.internal.TestMethodWorker.run(TestMethodWorker.java:109)<br />
              org.testng.TestRunner.privateRun(TestRunner.java:648)<br />
              org.testng.TestRunner.run(TestRunner.java:505)<br />
              org.testng.SuiteRunner.runTest(SuiteRunner.java:455)<br />
              org.testng.SuiteRunner.runSequentially(SuiteRunner.java:450)<br />
              org.testng.SuiteRunner.privateRun(SuiteRunner.java:415)<br />
              org.testng.SuiteRunner.run(SuiteRunner.java:364)<br />
              org.testng.SuiteRunnerWorker.runSuite(SuiteRunnerWorker.java:52)<br />
              org.testng.SuiteRunnerWorker.run(SuiteRunnerWorker.java:84)<br />
              org.testng.TestNG.runSuitesSequentially(TestNG.java:1208)<br />
              org.testng.TestNG.runSuitesLocally(TestNG.java:1137)<br />
              org.testng.TestNG.runSuites(TestNG.java:1049)<br />
              org.testng.TestNG.run(TestNG.java:1017)<br />
              org.testng.remote.AbstractRemoteTestNG.run(AbstractRemoteTestNG.java:115)<br />
              org.testng.remote.RemoteTestNG.initAndRun(RemoteTestNG.java:251)<br />
              org.testng.remote.RemoteTestNG.main(RemoteTestNG.java:77)<br />
                </div>
      </td>
</tr>
<tr>
  <td class="method">
                  DA_02_verifyAccountNoFieldMustBeNumberic
      </td>
  <td class="duration">
    0.632s
  </td>
  <td class="result">
        
    
            <div class="testOutput">
                        [INFO ] [2021-12-04 16:49:08,435] AccountNoFieldMustBeNumberic - step 01: Click Delete Account link<br/>
&lt;br&gt;<br />
                                [INFO ] [2021-12-04 16:49:08,862] AccountNoFieldMustBeNumberic - step 02: input to account no textbox<br/>
&lt;br&gt;<br />
                                [INFO ] [2021-12-04 16:49:08,943] AccountNoFieldMustBeNumberic - step 03: Verify message<br/>
&lt;br&gt;<br />
                                [INFO ] [2021-12-04 16:49:08,977]&nbsp; -------------------------- FAILED -------------------------- <br/>
&lt;br&gt;<br />
                                [INFO ] [2021-12-04 16:49:08,977] AccountNoFieldMustBeNumberic - step 04: input to account no textbox<br/>
&lt;br&gt;<br />
                                [INFO ] [2021-12-04 16:49:09,038] AccountNoFieldMustBeNumberic - step 05: Verify message<br/>
&lt;br&gt;<br />
                                [INFO ] [2021-12-04 16:49:09,065]&nbsp; -------------------------- FAILED -------------------------- <br/>
&lt;br&gt;<br />
                  </div>
    

        <a href="javascript:toggleElement('exception-1', 'block')" title="Click to expand/collapse"><b>java.lang.Throwable: Multiple failures (2):<br/>
Failure 1 of 2<br/>
java.lang.AssertionError: expected [Account Number must not be blank] but found [Characters are not allowed]<br/>
	at org.testng.Assert.fail(Assert.java:96)<br/>
	at org.testng.Assert.failNotEquals(Assert.java:776)<br/>
	at org.testng.Assert.assertEqualsImpl(Assert.java:137)<br/>
	at org.testng.Assert.assertEquals(Assert.java:118)<br/>
	at org.testng.Assert.assertEquals(Assert.java:442)<br/>
	at commons.AbstractTest.checkEquals(AbstractTest.java:195)<br/>
	at commons.AbstractTest.verifyEquals(AbstractTest.java:207)<br/>
	at com.bankguru.account.DeleteAccount.DA_02_verifyAccountNoFieldMustBeNumberic(DeleteAccount.java:65)<br/>
	at sun.reflect.NativeMethodAccessorImpl.invoke0(Native Method)<br/>
	at sun.reflect.NativeMethodAccessorImpl.invoke(NativeMethodAccessorImpl.java:62)<br/>
	at sun.reflect.DelegatingMethodAccessorImpl.invoke(DelegatingMethodAccessorImpl.java:43)<br/>
	at java.lang.reflect.Method.invoke(Method.java:498)<br/>
	at org.testng.internal.MethodInvocationHelper.invokeMethod(MethodInvocationHelper.java:124)<br/>
	at org.testng.internal.Invoker.invokeMethod(Invoker.java:583)<br/>
	at org.testng.internal.Invoker.invokeTestMethod(Invoker.java:719)<br/>
	at org.testng.internal.Invoker.invokeTestMethods(Invoker.java:989)<br/>
	at org.testng.internal.TestMethodWorker.invokeTestMethods(TestMethodWorker.java:125)<br/>
	at org.testng.internal.TestMethodWorker.run(TestMethodWorker.java:109)<br/>
	at org.testng.TestRunner.privateRun(TestRunner.java:648)<br/>
	at org.testng.TestRunner.run(TestRunner.java:505)<br/>
	at org.testng.SuiteRunner.runTest(SuiteRunner.java:455)<br/>
	at org.testng.SuiteRunner.runSequentially(SuiteRunner.java:450)<br/>
	at org.testng.SuiteRunner.privateRun(SuiteRunner.java:415)<br/>
	at org.testng.SuiteRunner.run(SuiteRunner.java:364)<br/>
	at org.testng.SuiteRunnerWorker.runSuite(SuiteRunnerWorker.java:52)<br/>
	at org.testng.SuiteRunnerWorker.run(SuiteRunnerWorker.java:84)<br/>
	at org.testng.TestNG.runSuitesSequentially(TestNG.java:1208)<br/>
	at org.testng.TestNG.runSuitesLocally(TestNG.java:1137)<br/>
	at org.testng.TestNG.runSuites(TestNG.java:1049)<br/>
	at org.testng.TestNG.run(TestNG.java:1017)<br/>
	at org.testng.remote.AbstractRemoteTestNG.run(AbstractRemoteTestNG.java:115)<br/>
	at org.testng.remote.RemoteTestNG.initAndRun(RemoteTestNG.java:251)<br/>
	at org.testng.remote.RemoteTestNG.main(RemoteTestNG.java:77)<br/>
<br/>
Failure 2 of 2<br/>
java.lang.AssertionError: expected [Account Number must not be blank] but found [Characters are not allowed]</b></a><br />
    <div class="stackTrace" id="exception-1">
              org.testng.Assert.fail(Assert.java:96)<br />
              org.testng.Assert.failNotEquals(Assert.java:776)<br />
              org.testng.Assert.assertEqualsImpl(Assert.java:137)<br />
              org.testng.Assert.assertEquals(Assert.java:118)<br />
              org.testng.Assert.assertEquals(Assert.java:442)<br />
              commons.AbstractTest.checkEquals(AbstractTest.java:195)<br />
              commons.AbstractTest.verifyEquals(AbstractTest.java:207)<br />
              com.bankguru.account.DeleteAccount.DA_02_verifyAccountNoFieldMustBeNumberic(DeleteAccount.java:72)<br />
              sun.reflect.NativeMethodAccessorImpl.invoke0(Native Method)<br />
              sun.reflect.NativeMethodAccessorImpl.invoke(NativeMethodAccessorImpl.java:62)<br />
              sun.reflect.DelegatingMethodAccessorImpl.invoke(DelegatingMethodAccessorImpl.java:43)<br />
              java.lang.reflect.Method.invoke(Method.java:498)<br />
              org.testng.internal.MethodInvocationHelper.invokeMethod(MethodInvocationHelper.java:124)<br />
              org.testng.internal.Invoker.invokeMethod(Invoker.java:583)<br />
              org.testng.internal.Invoker.invokeTestMethod(Invoker.java:719)<br />
              org.testng.internal.Invoker.invokeTestMethods(Invoker.java:989)<br />
              org.testng.internal.TestMethodWorker.invokeTestMethods(TestMethodWorker.java:125)<br />
              org.testng.internal.TestMethodWorker.run(TestMethodWorker.java:109)<br />
              org.testng.TestRunner.privateRun(TestRunner.java:648)<br />
              org.testng.TestRunner.run(TestRunner.java:505)<br />
              org.testng.SuiteRunner.runTest(SuiteRunner.java:455)<br />
              org.testng.SuiteRunner.runSequentially(SuiteRunner.java:450)<br />
              org.testng.SuiteRunner.privateRun(SuiteRunner.java:415)<br />
              org.testng.SuiteRunner.run(SuiteRunner.java:364)<br />
              org.testng.SuiteRunnerWorker.runSuite(SuiteRunnerWorker.java:52)<br />
              org.testng.SuiteRunnerWorker.run(SuiteRunnerWorker.java:84)<br />
              org.testng.TestNG.runSuitesSequentially(TestNG.java:1208)<br />
              org.testng.TestNG.runSuitesLocally(TestNG.java:1137)<br />
              org.testng.TestNG.runSuites(TestNG.java:1049)<br />
              org.testng.TestNG.run(TestNG.java:1017)<br />
              org.testng.remote.AbstractRemoteTestNG.run(AbstractRemoteTestNG.java:115)<br />
              org.testng.remote.RemoteTestNG.initAndRun(RemoteTestNG.java:251)<br />
              org.testng.remote.RemoteTestNG.main(RemoteTestNG.java:77)<br />
                </div>
      </td>
</tr>
<tr>
  <td class="method">
                  DA_05_verifyAccountNoFieldFirstCharacerCannotHaveSpace
      </td>
  <td class="duration">
    0.545s
  </td>
  <td class="result">
        
    
            <div class="testOutput">
                        [INFO ] [2021-12-04 16:49:10,241] AccountNoFieldFirstCharacerCannotHaveSpace - step 01: Click Delete Account link<br/>
&lt;br&gt;<br />
                                [INFO ] [2021-12-04 16:49:10,679] AccountNoFieldFirstCharacerCannotHaveSpace - step 02: input to account no textbox<br/>
&lt;br&gt;<br />
                                [INFO ] [2021-12-04 16:49:10,753] AccountNoFieldFirstCharacerCannotHaveSpace - step 03: Verify message<br/>
&lt;br&gt;<br />
                                [INFO ] [2021-12-04 16:49:10,785]&nbsp; -------------------------- FAILED -------------------------- <br/>
&lt;br&gt;<br />
                  </div>
    

        <a href="javascript:toggleElement('exception-2', 'block')" title="Click to expand/collapse"><b>java.lang.AssertionError: expected [First character can not have space] but found [Characters are not allowed]</b></a><br />
    <div class="stackTrace" id="exception-2">
              org.testng.Assert.fail(Assert.java:96)<br />
              org.testng.Assert.failNotEquals(Assert.java:776)<br />
              org.testng.Assert.assertEqualsImpl(Assert.java:137)<br />
              org.testng.Assert.assertEquals(Assert.java:118)<br />
              org.testng.Assert.assertEquals(Assert.java:442)<br />
              commons.AbstractTest.checkEquals(AbstractTest.java:195)<br />
              commons.AbstractTest.verifyEquals(AbstractTest.java:207)<br />
              com.bankguru.account.DeleteAccount.DA_05_verifyAccountNoFieldFirstCharacerCannotHaveSpace(DeleteAccount.java:126)<br />
              sun.reflect.NativeMethodAccessorImpl.invoke0(Native Method)<br />
              sun.reflect.NativeMethodAccessorImpl.invoke(NativeMethodAccessorImpl.java:62)<br />
              sun.reflect.DelegatingMethodAccessorImpl.invoke(DelegatingMethodAccessorImpl.java:43)<br />
              java.lang.reflect.Method.invoke(Method.java:498)<br />
              org.testng.internal.MethodInvocationHelper.invokeMethod(MethodInvocationHelper.java:124)<br />
              org.testng.internal.Invoker.invokeMethod(Invoker.java:583)<br />
              org.testng.internal.Invoker.invokeTestMethod(Invoker.java:719)<br />
              org.testng.internal.Invoker.invokeTestMethods(Invoker.java:989)<br />
              org.testng.internal.TestMethodWorker.invokeTestMethods(TestMethodWorker.java:125)<br />
              org.testng.internal.TestMethodWorker.run(TestMethodWorker.java:109)<br />
              org.testng.TestRunner.privateRun(TestRunner.java:648)<br />
              org.testng.TestRunner.run(TestRunner.java:505)<br />
              org.testng.SuiteRunner.runTest(SuiteRunner.java:455)<br />
              org.testng.SuiteRunner.runSequentially(SuiteRunner.java:450)<br />
              org.testng.SuiteRunner.privateRun(SuiteRunner.java:415)<br />
              org.testng.SuiteRunner.run(SuiteRunner.java:364)<br />
              org.testng.SuiteRunnerWorker.runSuite(SuiteRunnerWorker.java:52)<br />
              org.testng.SuiteRunnerWorker.run(SuiteRunnerWorker.java:84)<br />
              org.testng.TestNG.runSuitesSequentially(TestNG.java:1208)<br />
              org.testng.TestNG.runSuitesLocally(TestNG.java:1137)<br />
              org.testng.TestNG.runSuites(TestNG.java:1049)<br />
              org.testng.TestNG.run(TestNG.java:1017)<br />
              org.testng.remote.AbstractRemoteTestNG.run(AbstractRemoteTestNG.java:115)<br />
              org.testng.remote.RemoteTestNG.initAndRun(RemoteTestNG.java:251)<br />
              org.testng.remote.RemoteTestNG.main(RemoteTestNG.java:77)<br />
                </div>
      </td>
</tr>
          <tr>
        <td colspan="3" class="group">com.bankguru.account.EditAccount</td>
      </tr>
            
<tr>
  <td class="method">
                  EA_06_verifyAccountNoFieldFirstCharacerCannotHaveSpace
      </td>
  <td class="duration">
    0.820s
  </td>
  <td class="result">
        
    
            <div class="testOutput">
                        [INFO ] [2021-12-04 16:48:56,237] AccountNoFieldFirstCharacerCannotHaveSpace - step 01: Click Edit Account link<br/>
&lt;br&gt;<br />
                                [INFO ] [2021-12-04 16:48:56,938] AccountNoFieldFirstCharacerCannotHaveSpace - step 02: input to account no textbox<br/>
&lt;br&gt;<br />
                                [INFO ] [2021-12-04 16:48:57,021] AccountNoFieldFirstCharacerCannotHaveSpace - step 03: Verify message<br/>
&lt;br&gt;<br />
                                [INFO ] [2021-12-04 16:48:57,056]&nbsp; -------------------------- FAILED -------------------------- <br/>
&lt;br&gt;<br />
                  </div>
    

        <a href="javascript:toggleElement('exception-3', 'block')" title="Click to expand/collapse"><b>java.lang.AssertionError: expected [First character can not have space] but found [Characters are not allowed]</b></a><br />
    <div class="stackTrace" id="exception-3">
              org.testng.Assert.fail(Assert.java:96)<br />
              org.testng.Assert.failNotEquals(Assert.java:776)<br />
              org.testng.Assert.assertEqualsImpl(Assert.java:137)<br />
              org.testng.Assert.assertEquals(Assert.java:118)<br />
              org.testng.Assert.assertEquals(Assert.java:442)<br />
              commons.AbstractTest.checkEquals(AbstractTest.java:195)<br />
              commons.AbstractTest.verifyEquals(AbstractTest.java:207)<br />
              com.bankguru.account.EditAccount.EA_06_verifyAccountNoFieldFirstCharacerCannotHaveSpace(EditAccount.java:142)<br />
              sun.reflect.NativeMethodAccessorImpl.invoke0(Native Method)<br />
              sun.reflect.NativeMethodAccessorImpl.invoke(NativeMethodAccessorImpl.java:62)<br />
              sun.reflect.DelegatingMethodAccessorImpl.invoke(DelegatingMethodAccessorImpl.java:43)<br />
              java.lang.reflect.Method.invoke(Method.java:498)<br />
              org.testng.internal.MethodInvocationHelper.invokeMethod(MethodInvocationHelper.java:124)<br />
              org.testng.internal.Invoker.invokeMethod(Invoker.java:583)<br />
              org.testng.internal.Invoker.invokeTestMethod(Invoker.java:719)<br />
              org.testng.internal.Invoker.invokeTestMethods(Invoker.java:989)<br />
              org.testng.internal.TestMethodWorker.invokeTestMethods(TestMethodWorker.java:125)<br />
              org.testng.internal.TestMethodWorker.run(TestMethodWorker.java:109)<br />
              org.testng.TestRunner.privateRun(TestRunner.java:648)<br />
              org.testng.TestRunner.run(TestRunner.java:505)<br />
              org.testng.SuiteRunner.runTest(SuiteRunner.java:455)<br />
              org.testng.SuiteRunner.runSequentially(SuiteRunner.java:450)<br />
              org.testng.SuiteRunner.privateRun(SuiteRunner.java:415)<br />
              org.testng.SuiteRunner.run(SuiteRunner.java:364)<br />
              org.testng.SuiteRunnerWorker.runSuite(SuiteRunnerWorker.java:52)<br />
              org.testng.SuiteRunnerWorker.run(SuiteRunnerWorker.java:84)<br />
              org.testng.TestNG.runSuitesSequentially(TestNG.java:1208)<br />
              org.testng.TestNG.runSuitesLocally(TestNG.java:1137)<br />
              org.testng.TestNG.runSuites(TestNG.java:1049)<br />
              org.testng.TestNG.run(TestNG.java:1017)<br />
              org.testng.remote.AbstractRemoteTestNG.run(AbstractRemoteTestNG.java:115)<br />
              org.testng.remote.RemoteTestNG.initAndRun(RemoteTestNG.java:251)<br />
              org.testng.remote.RemoteTestNG.main(RemoteTestNG.java:77)<br />
                </div>
      </td>
</tr>
      </table>


  <table class="resultsTable">
    <tr><th colspan="3" class="header passed">Passed Tests</th></tr>
          <tr>
        <td colspan="3" class="group">com.bankguru.account.DeleteAccount</td>
      </tr>
            
<tr>
  <td class="method">
                  DA_03_verifyAccountNoFieldCannotHaveSpecialCharater
      </td>
  <td class="duration">
    0.641s
  </td>
  <td class="result">
        
    
            <div class="testOutput">
                        [INFO ] [2021-12-04 16:49:09,070] AccountNoFieldCannotHaveSpecialCharater - step 01: Click Delete Account link<br/>
&lt;br&gt;<br />
                                [INFO ] [2021-12-04 16:49:09,504] AccountNoFieldCannotHaveSpecialCharater - step 02: input to account no textbox<br/>
&lt;br&gt;<br />
                                [INFO ] [2021-12-04 16:49:09,585] AccountNoFieldCannotHaveSpecialCharater - step 03: Verify message<br/>
&lt;br&gt;<br />
                                [INFO ] [2021-12-04 16:49:09,617]&nbsp; -------------------------- PASSED -------------------------- <br/>
&lt;br&gt;<br />
                                [INFO ] [2021-12-04 16:49:09,617] AccountNoFieldCannotHaveSpecialCharater - step 04: input to account no textbox<br/>
&lt;br&gt;<br />
                                [INFO ] [2021-12-04 16:49:09,681] AccountNoFieldCannotHaveSpecialCharater - step 05: Verify message<br/>
&lt;br&gt;<br />
                                [INFO ] [2021-12-04 16:49:09,710]&nbsp; -------------------------- PASSED -------------------------- <br/>
&lt;br&gt;<br />
                  </div>
    

      </td>
</tr>
<tr>
  <td class="method">
                  DA_04_verifyAccountNoFieldCannotHaveBlankSpace
      </td>
  <td class="duration">
    0.527s
  </td>
  <td class="result">
        
    
            <div class="testOutput">
                        [INFO ] [2021-12-04 16:49:09,712] AccountNoFieldCannotHaveBlankSpace - step 01: Click Delete Account link<br/>
&lt;br&gt;<br />
                                [INFO ] [2021-12-04 16:49:10,134] AccountNoFieldCannotHaveBlankSpace - step 02: input to account no textbox<br/>
&lt;br&gt;<br />
                                [INFO ] [2021-12-04 16:49:10,208] AccountNoFieldCannotHaveBlankSpace - step 03: Verify message<br/>
&lt;br&gt;<br />
                                [INFO ] [2021-12-04 16:49:10,238]&nbsp; -------------------------- PASSED -------------------------- <br/>
&lt;br&gt;<br />
                  </div>
    

      </td>
</tr>
          <tr>
        <td colspan="3" class="group">com.bankguru.account.EditAccount</td>
      </tr>
            
<tr>
  <td class="method">
                  EA_01_verifyAccountNoFieldCannotBeEmpty
      </td>
  <td class="duration">
    1.262s
  </td>
  <td class="result">
        
    
            <div class="testOutput">
                        [INFO ] [2021-12-04 16:48:49,444] AccountNoFieldCannotBeEmpty - step 01: Click Edit Account link<br/>
&lt;br&gt;<br />
                                [INFO ] [2021-12-04 16:48:50,509] AccountNoFieldCannotBeEmpty - step 02: focus out account no textbox<br/>
&lt;br&gt;<br />
                                [INFO ] [2021-12-04 16:48:50,667] AccountNoFieldCannotBeEmpty - step 03: Verify message<br/>
&lt;br&gt;<br />
                                [INFO ] [2021-12-04 16:48:50,704]&nbsp; -------------------------- PASSED -------------------------- <br/>
&lt;br&gt;<br />
                  </div>
    

      </td>
</tr>
<tr>
  <td class="method">
                  EA_02_verifyAccountNoFieldMustBeNumberic
      </td>
  <td class="duration">
    0.914s
  </td>
  <td class="result">
        
    
            <div class="testOutput">
                        [INFO ] [2021-12-04 16:48:50,707] AccountNoFieldMustBeNumberic - step 01: Click Edit Account link<br/>
&lt;br&gt;<br />
                                [INFO ] [2021-12-04 16:48:51,418] AccountNoFieldMustBeNumberic - step 02: input to account no textbox<br/>
&lt;br&gt;<br />
                                [INFO ] [2021-12-04 16:48:51,499] AccountNoFieldMustBeNumberic - step 03: Verify message<br/>
&lt;br&gt;<br />
                                [INFO ] [2021-12-04 16:48:51,530]&nbsp; -------------------------- PASSED -------------------------- <br/>
&lt;br&gt;<br />
                                [INFO ] [2021-12-04 16:48:51,530] AccountNoFieldMustBeNumberic - step 04: input to account no textbox<br/>
&lt;br&gt;<br />
                                [INFO ] [2021-12-04 16:48:51,593] AccountNoFieldMustBeNumberic - step 05: Verify message<br/>
&lt;br&gt;<br />
                                [INFO ] [2021-12-04 16:48:51,620]&nbsp; -------------------------- PASSED -------------------------- <br/>
&lt;br&gt;<br />
                  </div>
    

      </td>
</tr>
<tr>
  <td class="method">
                  EA_03_verifyAccountNoFieldCannotHaveSpecialCharater
      </td>
  <td class="duration">
    0.919s
  </td>
  <td class="result">
        
    
            <div class="testOutput">
                        [INFO ] [2021-12-04 16:48:51,623] AccountNoFieldCannotHaveSpecialCharater - step 01: Click Edit Account link<br/>
&lt;br&gt;<br />
                                [INFO ] [2021-12-04 16:48:52,326] AccountNoFieldCannotHaveSpecialCharater - step 02: input to account no textbox<br/>
&lt;br&gt;<br />
                                [INFO ] [2021-12-04 16:48:52,409] AccountNoFieldCannotHaveSpecialCharater - step 03: Verify message<br/>
&lt;br&gt;<br />
                                [INFO ] [2021-12-04 16:48:52,442]&nbsp; -------------------------- PASSED -------------------------- <br/>
&lt;br&gt;<br />
                                [INFO ] [2021-12-04 16:48:52,442] AccountNoFieldCannotHaveSpecialCharater - step 04: input to account no textbox<br/>
&lt;br&gt;<br />
                                [INFO ] [2021-12-04 16:48:52,510] AccountNoFieldCannotHaveSpecialCharater - step 05: Verify message<br/>
&lt;br&gt;<br />
                                [INFO ] [2021-12-04 16:48:52,541]&nbsp; -------------------------- PASSED -------------------------- <br/>
&lt;br&gt;<br />
                  </div>
    

      </td>
</tr>
<tr>
  <td class="method">
                  EA_04_verifyAccountNoFieldValidAccountNumber
      </td>
  <td class="duration">
    2.860s
  </td>
  <td class="result">
        
    
            <div class="testOutput">
                        [INFO ] [2021-12-04 16:48:52,544] AccountNoFieldValidAccountNumber - step 01: Click Edit Account link<br/>
&lt;br&gt;<br />
                                [INFO ] [2021-12-04 16:48:53,237] AccountNoFieldValidAccountNumber - step 02: input to account no textbox<br/>
&lt;br&gt;<br />
                                [INFO ] [2021-12-04 16:48:53,332] AccountNoFieldValidAccountNumber - step 03: input to account no textbox<br/>
&lt;br&gt;<br />
                                [INFO ] [2021-12-04 16:48:55,359] AccountNoFieldValidAccountNumber - step 03: Verify message<br/>
&lt;br&gt;<br />
                                [INFO ] [2021-12-04 16:48:55,402]&nbsp; -------------------------- PASSED -------------------------- <br/>
&lt;br&gt;<br />
                  </div>
    

      </td>
</tr>
<tr>
  <td class="method">
                  EA_05_verifyAccountNoFieldCannotHaveBlankSpace
      </td>
  <td class="duration">
    0.832s
  </td>
  <td class="result">
        
    
            <div class="testOutput">
                        [INFO ] [2021-12-04 16:48:55,404] AccountNoFieldCannotHaveBlankSpace - step 01: Click Edit Account link<br/>
&lt;br&gt;<br />
                                [INFO ] [2021-12-04 16:48:56,126] AccountNoFieldCannotHaveBlankSpace - step 02: input to account no textbox<br/>
&lt;br&gt;<br />
                                [INFO ] [2021-12-04 16:48:56,199] AccountNoFieldCannotHaveBlankSpace - step 03: Verify message<br/>
&lt;br&gt;<br />
                                [INFO ] [2021-12-04 16:48:56,235]&nbsp; -------------------------- PASSED -------------------------- <br/>
&lt;br&gt;<br />
                  </div>
    

      </td>
</tr>
          <tr>
        <td colspan="3" class="group">com.bankguru.account.NewAccount</td>
      </tr>
            
<tr>
  <td class="method">
                  NA_01_verifyCustomerIDFieldCannotBeEmpty
      </td>
  <td class="duration">
    0.800s
  </td>
  <td class="result">
        
    
            <div class="testOutput">
                        [INFO ] [2021-12-04 16:48:35,445] CustomerIDFieldCannotBeEmpty - step 01: Click New Account link<br/>
&lt;br&gt;<br />
                                [INFO ] [2021-12-04 16:48:35,994] CustomerIDFieldCannotBeEmpty - step 02: focus out customer id textbox<br/>
&lt;br&gt;<br />
                                [INFO ] [2021-12-04 16:48:36,167] CustomerIDFieldCannotBeEmpty - step 03: Verify message<br/>
&lt;br&gt;<br />
                                [INFO ] [2021-12-04 16:48:36,205]&nbsp; -------------------------- PASSED -------------------------- <br/>
&lt;br&gt;<br />
                  </div>
    

      </td>
</tr>
<tr>
  <td class="method">
                  NA_02_verifyCustomerIDFieldMustBeNumeric
      </td>
  <td class="duration">
    0.402s
  </td>
  <td class="result">
        
    
            <div class="testOutput">
                        [INFO ] [2021-12-04 16:48:36,293] CustomerIDFieldMustBeNumeric - step 01: Click New Account link<br/>
&lt;br&gt;<br />
                                [INFO ] [2021-12-04 16:48:36,470] CustomerIDFieldMustBeNumeric - step 02: focus out customer id textbox<br/>
&lt;br&gt;<br />
                                [INFO ] [2021-12-04 16:48:36,556] CustomerIDFieldMustBeNumeric - step 03: Verify message<br/>
&lt;br&gt;<br />
                                [INFO ] [2021-12-04 16:48:36,590]&nbsp; -------------------------- PASSED -------------------------- <br/>
&lt;br&gt;<br />
                                [INFO ] [2021-12-04 16:48:36,591] CustomerIDFieldMustBeNumeric - step 04: focus out customer id textbox<br/>
&lt;br&gt;<br />
                                [INFO ] [2021-12-04 16:48:36,661] CustomerIDFieldMustBeNumeric - step 05: Verify message<br/>
&lt;br&gt;<br />
                                [INFO ] [2021-12-04 16:48:36,693]&nbsp; -------------------------- PASSED -------------------------- <br/>
&lt;br&gt;<br />
                  </div>
    

      </td>
</tr>
<tr>
  <td class="method">
                  NA_03_verifyCustomerIDFieldCannotHaveSpecialCharacter
      </td>
  <td class="duration">
    0.380s
  </td>
  <td class="result">
        
    
            <div class="testOutput">
                        [INFO ] [2021-12-04 16:48:36,697] CustomerIDFieldCannotHaveSpecialCharacter - step 01: Click New Account link<br/>
&lt;br&gt;<br />
                                [INFO ] [2021-12-04 16:48:36,859] CustomerIDFieldCannotHaveSpecialCharacter - step 02: focus out customer id textbox<br/>
&lt;br&gt;<br />
                                [INFO ] [2021-12-04 16:48:36,949] CustomerIDFieldCannotHaveSpecialCharacter - step 03: Verify message<br/>
&lt;br&gt;<br />
                                [INFO ] [2021-12-04 16:48:36,984]&nbsp; -------------------------- PASSED -------------------------- <br/>
&lt;br&gt;<br />
                                [INFO ] [2021-12-04 16:48:36,984] CustomerIDFieldCannotHaveSpecialCharacter - step 04: focus out customer id textbox<br/>
&lt;br&gt;<br />
                                [INFO ] [2021-12-04 16:48:37,043] CustomerIDFieldCannotHaveSpecialCharacter - step 05: Verify message<br/>
&lt;br&gt;<br />
                                [INFO ] [2021-12-04 16:48:37,075]&nbsp; -------------------------- PASSED -------------------------- <br/>
&lt;br&gt;<br />
                  </div>
    

      </td>
</tr>
<tr>
  <td class="method">
                  NA_04_verifyCustomerIDFieldCannotHaveBlackSpace
      </td>
  <td class="duration">
    0.313s
  </td>
  <td class="result">
        
    
            <div class="testOutput">
                        [INFO ] [2021-12-04 16:48:37,079] CustomerIDFieldCannotHaveBlackSpace - step 01: Click New Account link<br/>
&lt;br&gt;<br />
                                [INFO ] [2021-12-04 16:48:37,279] CustomerIDFieldCannotHaveBlackSpace - step 02: focus out customer id textbox<br/>
&lt;br&gt;<br />
                                [INFO ] [2021-12-04 16:48:37,358] CustomerIDFieldCannotHaveBlackSpace - step 03: Verify message<br/>
&lt;br&gt;<br />
                                [INFO ] [2021-12-04 16:48:37,390]&nbsp; -------------------------- PASSED -------------------------- <br/>
&lt;br&gt;<br />
                  </div>
    

      </td>
</tr>
<tr>
  <td class="method">
                  NA_05_verifyCustomerIDFieldFirstCharacterCannotBeSpace
      </td>
  <td class="duration">
    0.289s
  </td>
  <td class="result">
        
    
            <div class="testOutput">
                        [INFO ] [2021-12-04 16:48:37,393] CustomerIDFieldCannotHaveBlackSpace - step 01: Click New Account link<br/>
&lt;br&gt;<br />
                                [INFO ] [2021-12-04 16:48:37,570] CustomerIDFieldCannotHaveBlackSpace - step 02: focus out customer id textbox<br/>
&lt;br&gt;<br />
                                [INFO ] [2021-12-04 16:48:37,647] CustomerIDFieldCannotHaveBlackSpace - step 03: Verify message<br/>
&lt;br&gt;<br />
                                [INFO ] [2021-12-04 16:48:37,681]&nbsp; -------------------------- PASSED -------------------------- <br/>
&lt;br&gt;<br />
                  </div>
    

      </td>
</tr>
<tr>
  <td class="method">
                  NA_06_verifyDepositFieldCannotBeEmpty
      </td>
  <td class="duration">
    0.355s
  </td>
  <td class="result">
        
    
            <div class="testOutput">
                        [INFO ] [2021-12-04 16:48:37,684] DepositFieldCannotBeEmpty - step 01: Click New Account link<br/>
&lt;br&gt;<br />
                                [INFO ] [2021-12-04 16:48:37,843] DepositFieldCannotBeEmpty - step 02: focus out deposit textbox<br/>
&lt;br&gt;<br />
                                [INFO ] [2021-12-04 16:48:37,993] DepositFieldCannotBeEmpty - step 03: Verify message<br/>
&lt;br&gt;<br />
                                [INFO ] [2021-12-04 16:48:38,037]&nbsp; -------------------------- PASSED -------------------------- <br/>
&lt;br&gt;<br />
                  </div>
    

      </td>
</tr>
<tr>
  <td class="method">
                  NA_07_verifyDepositFieldMustBeNumeric
      </td>
  <td class="duration">
    0.399s
  </td>
  <td class="result">
        
    
            <div class="testOutput">
                        [INFO ] [2021-12-04 16:48:38,039] DepositFieldMustBeNumeric - step 01: Click New Account link<br/>
&lt;br&gt;<br />
                                [INFO ] [2021-12-04 16:48:38,227] DepositFieldMustBeNumeric - step 02: focus out deposit textbox<br/>
&lt;br&gt;<br />
                                [INFO ] [2021-12-04 16:48:38,310] DepositFieldMustBeNumeric - step 03: Verify message<br/>
&lt;br&gt;<br />
                                [INFO ] [2021-12-04 16:48:38,346]&nbsp; -------------------------- PASSED -------------------------- <br/>
&lt;br&gt;<br />
                                [INFO ] [2021-12-04 16:48:38,346] DepositFieldMustBeNumeric - step 04: focus out deposit textbox<br/>
&lt;br&gt;<br />
                                [INFO ] [2021-12-04 16:48:38,409] DepositFieldMustBeNumeric - step 05: Verify message<br/>
&lt;br&gt;<br />
                                [INFO ] [2021-12-04 16:48:38,437]&nbsp; -------------------------- PASSED -------------------------- <br/>
&lt;br&gt;<br />
                  </div>
    

      </td>
</tr>
<tr>
  <td class="method">
                  NA_08_verifyDepositFieldCannotHaveSpecialCharacter
      </td>
  <td class="duration">
    0.374s
  </td>
  <td class="result">
        
    
            <div class="testOutput">
                        [INFO ] [2021-12-04 16:48:38,440] DepositFieldCannotHaveSpecialCharacter - step 01: Click New Account link<br/>
&lt;br&gt;<br />
                                [INFO ] [2021-12-04 16:48:38,601] DepositFieldCannotHaveSpecialCharacter - step 02: focus out deposit textbox<br/>
&lt;br&gt;<br />
                                [INFO ] [2021-12-04 16:48:38,684] DepositFieldCannotHaveSpecialCharacter - step 03: Verify message<br/>
&lt;br&gt;<br />
                                [INFO ] [2021-12-04 16:48:38,721]&nbsp; -------------------------- PASSED -------------------------- <br/>
&lt;br&gt;<br />
                                [INFO ] [2021-12-04 16:48:38,721] DepositFieldCannotHaveSpecialCharacter - step 04: focus out deposit textbox<br/>
&lt;br&gt;<br />
                                [INFO ] [2021-12-04 16:48:38,785] DepositFieldCannotHaveSpecialCharacter - step 05: Verify message<br/>
&lt;br&gt;<br />
                                [INFO ] [2021-12-04 16:48:38,813]&nbsp; -------------------------- PASSED -------------------------- <br/>
&lt;br&gt;<br />
                  </div>
    

      </td>
</tr>
<tr>
  <td class="method">
                  NA_09_verifyDepositFieldCannotHaveBlackSpace
      </td>
  <td class="duration">
    0.271s
  </td>
  <td class="result">
        
    
            <div class="testOutput">
                        [INFO ] [2021-12-04 16:48:38,815] DepositFieldCannotHaveBlackSpace - step 01: Click New Account link<br/>
&lt;br&gt;<br />
                                [INFO ] [2021-12-04 16:48:38,974] DepositFieldCannotHaveBlackSpace - step 02: focus out customer id textbox<br/>
&lt;br&gt;<br />
                                [INFO ] [2021-12-04 16:48:39,052] DepositFieldCannotHaveBlackSpace - step 03: Verify message<br/>
&lt;br&gt;<br />
                                [INFO ] [2021-12-04 16:48:39,085]&nbsp; -------------------------- PASSED -------------------------- <br/>
&lt;br&gt;<br />
                  </div>
    

      </td>
</tr>
<tr>
  <td class="method">
                  NA_10_verifyDepositFieldFirstCharacterCannotBeSpace
      </td>
  <td class="duration">
    0.272s
  </td>
  <td class="result">
        
    
            <div class="testOutput">
                        [INFO ] [2021-12-04 16:48:39,087] DepositFieldFirstCharacterCannotBeSpace - step 01: Click New Account link<br/>
&lt;br&gt;<br />
                                [INFO ] [2021-12-04 16:48:39,246] DepositFieldFirstCharacterCannotBeSpace - step 02: focus out deposit textbox<br/>
&lt;br&gt;<br />
                                [INFO ] [2021-12-04 16:48:39,324] DepositFieldFirstCharacterCannotBeSpace - step 03: Verify message<br/>
&lt;br&gt;<br />
                                [INFO ] [2021-12-04 16:48:39,358]&nbsp; -------------------------- PASSED -------------------------- <br/>
&lt;br&gt;<br />
                  </div>
    

      </td>
</tr>
      </table>
  
</body>
</html>
