

<!DOCTYPE html>
<html>
<head>
	<meta charset='utf-8' /> 
	<meta name='description' content='' />
	<meta name='robots' content='noodp, noydir' />
	<meta name='viewport' content='width=device-width, initial-scale=1' />
	<meta id="timeStampFormat" name="timeStampFormat" content='MMM d, yyyy hh:mm:ss a'/>
	
	<link href='https://fonts.googleapis.com/css?family=Source+Sans+Pro:400,600' rel='stylesheet' type='text/css' />
	<link href="https://fonts.googleapis.com/icon?family=Material+Icons" rel="stylesheet" />
	<link href='https://cdn.rawgit.com/extent-framework/extent-github-cdn/b65cd69/v3html/css/extent.css' type='text/css' rel='stylesheet' />
	
	<title>Title of the Report Comes here</title>

	<style type='text/css'>
		/* json-tree */
		.jstBracket,.jstComma,.jstValue{white-space:pre-wrap}.jstValue{font-size:10px;font-weight:400;font-family:"Lucida Console",Monaco,monospace}.jstProperty{color:#666;word-wrap:break-word}.jstBool{color:#2525CC}.jstNum{color:#D036D0}.jstNull{color:gray}.jstStr{color:#2DB669}.jstFold:after{content:' -';cursor:pointer}.jstExpand{white-space:normal}.jstExpand:after{content:' +';cursor:pointer}.jstFolded{white-space:normal!important}.jstHiddenBlock{display:none}
	</style>
	
	<script type="text/javascript">
		/*! json-tree - v0.2.2 - 2017-09-25, MIT LICENSE */
		var JSONTree=function(){var n={"&":"&amp;","<":"&lt;",">":"&gt;",'"':"&quot;","'":"&#x27;","/":"&#x2F;"},t=0,r=0;this.create=function(n,t){return r+=1,N(u(n,0,!1),{class:"jstValue"})};var e=function(t){return t.replace(/[&<>'"]/g,function(t){return n[t]})},s=function(){return r+"_"+t++},u=function(n,t,r){if(null===n)return f(r?t:0);switch(typeof n){case"boolean":return l(n,r?t:0);case"number":return i(n,r?t:0);case"string":return o(n,r?t:0);default:return n instanceof Array?a(n,t,r):c(n,t,r)}},c=function(n,t,r){var e=s(),u=Object.keys(n).map(function(r){return j(r,n[r],t+1,!0)}).join(m()),c=[g("{",r?t:0,e),N(u,{id:e}),p("}",t)].join("\n");return N(c,{})},a=function(n,t,r){var e=s(),c=n.map(function(n){return u(n,t+1,!0)}).join(m());return[g("[",r?t:0,e),N(c,{id:e}),p("]",t)].join("\n")},o=function(n,t){var r=e(JSON.stringify(n));return N(v(r,t),{class:"jstStr"})},i=function(n,t){return N(v(n,t),{class:"jstNum"})},l=function(n,t){return N(v(n,t),{class:"jstBool"})},f=function(n){return N(v("null",n),{class:"jstNull"})},j=function(n,t,r){var s=v(e(JSON.stringify(n))+": ",r),c=N(u(t,r,!1),{});return N(s+c,{class:"jstProperty"})},m=function(){return N(",\n",{class:"jstComma"})},N=function(n,t){return d("span",t,n)},d=function(n,t,r){return"<"+n+Object.keys(t).map(function(n){return" "+n+'="'+t[n]+'"'}).join("")+">"+r+"</"+n+">"},g=function(n,t,r){return N(v(n,t),{class:"jstBracket"})+N("",{class:"jstFold",onclick:"JSONTree.toggle('"+r+"')"})};this.toggle=function(n){var t=document.getElementById(n),r=t.parentNode,e=t.previousElementSibling;""===t.className?(t.className="jstHiddenBlock",r.className="jstFolded",e.className="jstExpand"):(t.className="",r.className="",e.className="jstFold")};var p=function(n,t){return N(v(n,t),{})},v=function(n,t){return Array(2*t+1).join(" ")+n};return this}();
	</script>
</head>
	<body class='extent dark default hide-overflow '>
		<div id='theme-selector' alt='Click to toggle theme. To enable by default, use theme configuration.' title='Click to toggle theme. To enable by default, use theme configuration.'>
			<span><i class='material-icons'>desktop_windows</i></span>
		</div>
<nav>
	<div class="nav-wrapper">
		<a href="#!" class="brand-logo black"><img src="https://cdn.rawgit.com/extent-framework/extent-github-cdn/d74480e/commons/img/logo.png"></a>
		<!-- slideout menu -->
		<ul id='slide-out' class='side-nav fixed hide-on-med-and-down'>
			<li class='waves-effect active'><a href='#!' view='test-view' onclick="configureView(0);chartsView('test');"><i class='material-icons'>dashboard</i></a></li>
						<li class='waves-effect'><a href='#!' view='exception-view' onclick="configureView(2)"><i class='material-icons'>bug_report</i></a></li>
			<li class='waves-effect'><a href='#!' onclick="configureView(-1);chartsView('dashboard');" view='dashboard-view'><i class='material-icons'>track_changes</i></a></li>
			<li class='waves-effect'><a href='#!' onclick="configureView(-1)" view='testrunner-logs-view'><i class='material-icons'>note</i></a></li>
		</ul>
		<!-- report name -->
		<span class='report-name'>Name of the Report Comes here </span>
		<!-- report headline -->
		<span class='report-headline'></span>
		<!-- nav-right -->
		<ul id='nav-mobile' class='right hide-on-med-and-down nav-right'>
			<a href='#!'>
			<span class='label blue darken-3 suite-start-time'>Dec 6, 2021 10:57:46 AM</span>
			</a>
		</ul>
	</div>
</nav>		<!-- container -->
		<div class='container'>
<div id='test-view' class='view'>
	<section id='controls'>
		<div class='controls grey lighten-4'>
			<!-- test toggle -->
			<div class='chip transparent'>
				<a class='dropdown-button tests-toggle' data-activates='tests-toggle' data-constrainwidth='true' data-beloworigin='true' data-hover='true' href='#'>
				<i class='material-icons'>warning</i> Status
				</a>
				<ul id='tests-toggle' class='dropdown-content'>
										<li status='pass'><a href='#!'>Pass <i class='material-icons green-text'>check_circle</i></a></li>
					<li status='fail'><a href='#!'>Fail <i class='material-icons red-text'>cancel</i></a></li>
					<li class='divider'></li>
					<li status='clear' clear='true'><a href='#!'>Clear Filters <i class='material-icons'>clear</i></a></li>
				</ul>
			</div>
			<!-- test toggle -->
			<!-- category toggle -->
			<!-- category toggle -->
			<!-- clear filters -->
			<div class='chip transparent hide'>
				<a class='' id='clear-filters' alt='Clear Filters' title='Clear Filters'>
				<i class='material-icons'>close</i> Clear
				</a>
			</div>
			<!-- clear filters -->
			<!-- enable dashboard -->
			<div id='toggle-test-view-charts' class='chip transparent'>
				<a class='pink-text' id='enable-dashboard' alt='Enable Dashboard' title='Enable Dashboard'>
				<i class='material-icons'>track_changes</i> Dashboard
				</a>
			</div>
			<!-- enable dashboard -->
			<!-- search -->
			<div class='chip transparent' alt='Search Tests' title='Search Tests'>
				<a href="#" class='search-div'>
				<i class='material-icons'>search</i> Search
				</a>
				<div class='input-field left hide'>
					<input id='search-tests' type='text' class='validate browser-default' placeholder='Search Tests...'>
				</div>
			</div>
			<!-- search -->
		</div>
	</section>
<div id='test-view-charts' class='subview-full'>
    <div id='charts-row' class='row nm-v nm-h'>
        <div class='col s12 m12 l12 np-h'>
            <div class='card-panel nm-v'>
                <div class='left panel-name'>Tests</div>
                <div class='chart-box' style="max-height:94px;">
                    <canvas id='parent-analysis' width='90' height='70'></canvas>
                </div>
                <div class='block text-small'>
                    <span class='tooltipped' data-position='top' data-tooltip='80.952%'><span class='strong'>17</span> test(s) passed</span>
                </div>
                <div class='block text-small'>
                    <span class='strong tooltipped' data-position='top' data-tooltip='19.048%'>4</span> test(s) failed, <span class='strong tooltipped' data-position='top' data-tooltip='0%'>0</span> others
                </div>
            </div>
        </div>
    </div>
    <div id="timeline-chart" class="row nm-v nm-h">
        <div class="col s12 m12 l12 np-h">
            <div class="card-panel">
                <div class='left panel-name'>Timeline (seconds)</div>
                <div class="chart-box" style="width:98%;max-height:145px;">
                    <canvas id="timeline" height="120"></canvas>
                </div>
            </div>
        </div>
    </div>
</div>	<div class='subview-left left'>
		<div class='view-summary'>
			<ul id='test-collection' class='test-collection'>
				<li class='test displayed active  pass' status='pass' bdd='false' test-id='1'>
					<div class='test-heading'>
						<span class='test-name'>EA_01_verifyAccountNoFieldCannotBeEmpty</span>
						<span class='test-time'>Dec 6, 2021 10:57:27 AM</span>
						<span class='test-status right pass'>pass</span>
					</div>
					<div class='test-content hide'>
<div class='test-time-info'>
	<span class='label start-time'>Dec 6, 2021 10:57:27 AM</span>
	<span class='label end-time'>Dec 6, 2021 10:57:46 AM</span>
	<span class='label time-taken grey lighten-1 white-text'>0h 0m 18s+172ms</span>
</div>
<div class='test-steps'>
	<table class='bordered table-results'>
		<thead>
			<tr>
				<th>Status</th>
				<th>Timestamp</th>
				<th>Details</th>
			</tr>
		</thead>
		<tbody>
			<tr class='log' status='pass'>
				<td class='status pass' title='pass' alt='pass'><i class='material-icons'>check_circle</i></td>
				<td class='timestamp'>10:57:46 AM</td>
				<td class='step-details'>
						Test passed
					
				</td>
			</tr>
		</tbody>
	</table>
</div>
					</div>
				</li>
				<li class='test displayed active  pass' status='pass' bdd='false' test-id='2'>
					<div class='test-heading'>
						<span class='test-name'>EA_03_verifyAccountNoFieldCannotHaveSpecialCharater</span>
						<span class='test-time'>Dec 6, 2021 10:57:29 AM</span>
						<span class='test-status right pass'>pass</span>
					</div>
					<div class='test-content hide'>
<div class='test-time-info'>
	<span class='label start-time'>Dec 6, 2021 10:57:29 AM</span>
	<span class='label end-time'>Dec 6, 2021 10:57:46 AM</span>
	<span class='label time-taken grey lighten-1 white-text'>0h 0m 16s+963ms</span>
</div>
<div class='test-steps'>
	<table class='bordered table-results'>
		<thead>
			<tr>
				<th>Status</th>
				<th>Timestamp</th>
				<th>Details</th>
			</tr>
		</thead>
		<tbody>
			<tr class='log' status='pass'>
				<td class='status pass' title='pass' alt='pass'><i class='material-icons'>check_circle</i></td>
				<td class='timestamp'>10:57:46 AM</td>
				<td class='step-details'>
						Test passed
					
				</td>
			</tr>
		</tbody>
	</table>
</div>
					</div>
				</li>
				<li class='test displayed active  pass' status='pass' bdd='false' test-id='3'>
					<div class='test-heading'>
						<span class='test-name'>NA_03_verifyCustomerIDFieldCannotHaveSpecialCharacter</span>
						<span class='test-time'>Dec 6, 2021 10:57:14 AM</span>
						<span class='test-status right pass'>pass</span>
					</div>
					<div class='test-content hide'>
<div class='test-time-info'>
	<span class='label start-time'>Dec 6, 2021 10:57:14 AM</span>
	<span class='label end-time'>Dec 6, 2021 10:57:46 AM</span>
	<span class='label time-taken grey lighten-1 white-text'>0h 0m 31s+548ms</span>
</div>
<div class='test-steps'>
	<table class='bordered table-results'>
		<thead>
			<tr>
				<th>Status</th>
				<th>Timestamp</th>
				<th>Details</th>
			</tr>
		</thead>
		<tbody>
			<tr class='log' status='pass'>
				<td class='status pass' title='pass' alt='pass'><i class='material-icons'>check_circle</i></td>
				<td class='timestamp'>10:57:46 AM</td>
				<td class='step-details'>
						Test passed
					
				</td>
			</tr>
		</tbody>
	</table>
</div>
					</div>
				</li>
				<li class='test displayed active  pass' status='pass' bdd='false' test-id='4'>
					<div class='test-heading'>
						<span class='test-name'>NA_05_verifyCustomerIDFieldFirstCharacterCannotBeSpace</span>
						<span class='test-time'>Dec 6, 2021 10:57:15 AM</span>
						<span class='test-status right pass'>pass</span>
					</div>
					<div class='test-content hide'>
<div class='test-time-info'>
	<span class='label start-time'>Dec 6, 2021 10:57:15 AM</span>
	<span class='label end-time'>Dec 6, 2021 10:57:46 AM</span>
	<span class='label time-taken grey lighten-1 white-text'>0h 0m 31s+17ms</span>
</div>
<div class='test-steps'>
	<table class='bordered table-results'>
		<thead>
			<tr>
				<th>Status</th>
				<th>Timestamp</th>
				<th>Details</th>
			</tr>
		</thead>
		<tbody>
			<tr class='log' status='pass'>
				<td class='status pass' title='pass' alt='pass'><i class='material-icons'>check_circle</i></td>
				<td class='timestamp'>10:57:46 AM</td>
				<td class='step-details'>
						Test passed
					
				</td>
			</tr>
		</tbody>
	</table>
</div>
					</div>
				</li>
				<li class='test displayed active  pass' status='pass' bdd='false' test-id='5'>
					<div class='test-heading'>
						<span class='test-name'>NA_04_verifyCustomerIDFieldCannotHaveBlackSpace</span>
						<span class='test-time'>Dec 6, 2021 10:57:14 AM</span>
						<span class='test-status right pass'>pass</span>
					</div>
					<div class='test-content hide'>
<div class='test-time-info'>
	<span class='label start-time'>Dec 6, 2021 10:57:14 AM</span>
	<span class='label end-time'>Dec 6, 2021 10:57:46 AM</span>
	<span class='label time-taken grey lighten-1 white-text'>0h 0m 31s+285ms</span>
</div>
<div class='test-steps'>
	<table class='bordered table-results'>
		<thead>
			<tr>
				<th>Status</th>
				<th>Timestamp</th>
				<th>Details</th>
			</tr>
		</thead>
		<tbody>
			<tr class='log' status='pass'>
				<td class='status pass' title='pass' alt='pass'><i class='material-icons'>check_circle</i></td>
				<td class='timestamp'>10:57:46 AM</td>
				<td class='step-details'>
						Test passed
					
				</td>
			</tr>
		</tbody>
	</table>
</div>
					</div>
				</li>
				<li class='test displayed active  pass' status='pass' bdd='false' test-id='6'>
					<div class='test-heading'>
						<span class='test-name'>NA_09_verifyDepositFieldCannotHaveBlackSpace</span>
						<span class='test-time'>Dec 6, 2021 10:57:16 AM</span>
						<span class='test-status right pass'>pass</span>
					</div>
					<div class='test-content hide'>
<div class='test-time-info'>
	<span class='label start-time'>Dec 6, 2021 10:57:16 AM</span>
	<span class='label end-time'>Dec 6, 2021 10:57:46 AM</span>
	<span class='label time-taken grey lighten-1 white-text'>0h 0m 29s+615ms</span>
</div>
<div class='test-steps'>
	<table class='bordered table-results'>
		<thead>
			<tr>
				<th>Status</th>
				<th>Timestamp</th>
				<th>Details</th>
			</tr>
		</thead>
		<tbody>
			<tr class='log' status='pass'>
				<td class='status pass' title='pass' alt='pass'><i class='material-icons'>check_circle</i></td>
				<td class='timestamp'>10:57:46 AM</td>
				<td class='step-details'>
						Test passed
					
				</td>
			</tr>
		</tbody>
	</table>
</div>
					</div>
				</li>
				<li class='test displayed active  pass' status='pass' bdd='false' test-id='7'>
					<div class='test-heading'>
						<span class='test-name'>NA_07_verifyDepositFieldMustBeNumeric</span>
						<span class='test-time'>Dec 6, 2021 10:57:15 AM</span>
						<span class='test-status right pass'>pass</span>
					</div>
					<div class='test-content hide'>
<div class='test-time-info'>
	<span class='label start-time'>Dec 6, 2021 10:57:15 AM</span>
	<span class='label end-time'>Dec 6, 2021 10:57:46 AM</span>
	<span class='label time-taken grey lighten-1 white-text'>0h 0m 30s+242ms</span>
</div>
<div class='test-steps'>
	<table class='bordered table-results'>
		<thead>
			<tr>
				<th>Status</th>
				<th>Timestamp</th>
				<th>Details</th>
			</tr>
		</thead>
		<tbody>
			<tr class='log' status='pass'>
				<td class='status pass' title='pass' alt='pass'><i class='material-icons'>check_circle</i></td>
				<td class='timestamp'>10:57:46 AM</td>
				<td class='step-details'>
						Test passed
					
				</td>
			</tr>
		</tbody>
	</table>
</div>
					</div>
				</li>
				<li class='test displayed active  pass' status='pass' bdd='false' test-id='8'>
					<div class='test-heading'>
						<span class='test-name'>EA_04_verifyAccountNoFieldValidAccountNumber</span>
						<span class='test-time'>Dec 6, 2021 10:57:30 AM</span>
						<span class='test-status right pass'>pass</span>
					</div>
					<div class='test-content hide'>
<div class='test-time-info'>
	<span class='label start-time'>Dec 6, 2021 10:57:30 AM</span>
	<span class='label end-time'>Dec 6, 2021 10:57:46 AM</span>
	<span class='label time-taken grey lighten-1 white-text'>0h 0m 15s+175ms</span>
</div>
<div class='test-steps'>
	<table class='bordered table-results'>
		<thead>
			<tr>
				<th>Status</th>
				<th>Timestamp</th>
				<th>Details</th>
			</tr>
		</thead>
		<tbody>
			<tr class='log' status='pass'>
				<td class='status pass' title='pass' alt='pass'><i class='material-icons'>check_circle</i></td>
				<td class='timestamp'>10:57:46 AM</td>
				<td class='step-details'>
						Test passed
					
				</td>
			</tr>
		</tbody>
	</table>
</div>
					</div>
				</li>
				<li class='test displayed active  pass' status='pass' bdd='false' test-id='9'>
					<div class='test-heading'>
						<span class='test-name'>DA_03_verifyAccountNoFieldCannotHaveSpecialCharater</span>
						<span class='test-time'>Dec 6, 2021 10:57:44 AM</span>
						<span class='test-status right pass'>pass</span>
					</div>
					<div class='test-content hide'>
<div class='test-time-info'>
	<span class='label start-time'>Dec 6, 2021 10:57:44 AM</span>
	<span class='label end-time'>Dec 6, 2021 10:57:46 AM</span>
	<span class='label time-taken grey lighten-1 white-text'>0h 0m 2s+99ms</span>
</div>
<div class='test-steps'>
	<table class='bordered table-results'>
		<thead>
			<tr>
				<th>Status</th>
				<th>Timestamp</th>
				<th>Details</th>
			</tr>
		</thead>
		<tbody>
			<tr class='log' status='pass'>
				<td class='status pass' title='pass' alt='pass'><i class='material-icons'>check_circle</i></td>
				<td class='timestamp'>10:57:46 AM</td>
				<td class='step-details'>
						Test passed
					
				</td>
			</tr>
		</tbody>
	</table>
</div>
					</div>
				</li>
				<li class='test displayed active  pass' status='pass' bdd='false' test-id='10'>
					<div class='test-heading'>
						<span class='test-name'>NA_06_verifyDepositFieldCannotBeEmpty</span>
						<span class='test-time'>Dec 6, 2021 10:57:15 AM</span>
						<span class='test-status right pass'>pass</span>
					</div>
					<div class='test-content hide'>
<div class='test-time-info'>
	<span class='label start-time'>Dec 6, 2021 10:57:15 AM</span>
	<span class='label end-time'>Dec 6, 2021 10:57:46 AM</span>
	<span class='label time-taken grey lighten-1 white-text'>0h 0m 30s+621ms</span>
</div>
<div class='test-steps'>
	<table class='bordered table-results'>
		<thead>
			<tr>
				<th>Status</th>
				<th>Timestamp</th>
				<th>Details</th>
			</tr>
		</thead>
		<tbody>
			<tr class='log' status='pass'>
				<td class='status pass' title='pass' alt='pass'><i class='material-icons'>check_circle</i></td>
				<td class='timestamp'>10:57:46 AM</td>
				<td class='step-details'>
						Test passed
					
				</td>
			</tr>
		</tbody>
	</table>
</div>
					</div>
				</li>
				<li class='test displayed active  pass' status='pass' bdd='false' test-id='11'>
					<div class='test-heading'>
						<span class='test-name'>NA_10_verifyDepositFieldFirstCharacterCannotBeSpace</span>
						<span class='test-time'>Dec 6, 2021 10:57:16 AM</span>
						<span class='test-status right pass'>pass</span>
					</div>
					<div class='test-content hide'>
<div class='test-time-info'>
	<span class='label start-time'>Dec 6, 2021 10:57:16 AM</span>
	<span class='label end-time'>Dec 6, 2021 10:57:46 AM</span>
	<span class='label time-taken grey lighten-1 white-text'>0h 0m 29s+347ms</span>
</div>
<div class='test-steps'>
	<table class='bordered table-results'>
		<thead>
			<tr>
				<th>Status</th>
				<th>Timestamp</th>
				<th>Details</th>
			</tr>
		</thead>
		<tbody>
			<tr class='log' status='pass'>
				<td class='status pass' title='pass' alt='pass'><i class='material-icons'>check_circle</i></td>
				<td class='timestamp'>10:57:46 AM</td>
				<td class='step-details'>
						Test passed
					
				</td>
			</tr>
		</tbody>
	</table>
</div>
					</div>
				</li>
				<li class='test displayed active  pass' status='pass' bdd='false' test-id='12'>
					<div class='test-heading'>
						<span class='test-name'>EA_02_verifyAccountNoFieldMustBeNumberic</span>
						<span class='test-time'>Dec 6, 2021 10:57:28 AM</span>
						<span class='test-status right pass'>pass</span>
					</div>
					<div class='test-content hide'>
<div class='test-time-info'>
	<span class='label start-time'>Dec 6, 2021 10:57:28 AM</span>
	<span class='label end-time'>Dec 6, 2021 10:57:46 AM</span>
	<span class='label time-taken grey lighten-1 white-text'>0h 0m 17s+600ms</span>
</div>
<div class='test-steps'>
	<table class='bordered table-results'>
		<thead>
			<tr>
				<th>Status</th>
				<th>Timestamp</th>
				<th>Details</th>
			</tr>
		</thead>
		<tbody>
			<tr class='log' status='pass'>
				<td class='status pass' title='pass' alt='pass'><i class='material-icons'>check_circle</i></td>
				<td class='timestamp'>10:57:46 AM</td>
				<td class='step-details'>
						Test passed
					
				</td>
			</tr>
		</tbody>
	</table>
</div>
					</div>
				</li>
				<li class='test displayed active  pass' status='pass' bdd='false' test-id='13'>
					<div class='test-heading'>
						<span class='test-name'>NA_08_verifyDepositFieldCannotHaveSpecialCharacter</span>
						<span class='test-time'>Dec 6, 2021 10:57:16 AM</span>
						<span class='test-status right pass'>pass</span>
					</div>
					<div class='test-content hide'>
<div class='test-time-info'>
	<span class='label start-time'>Dec 6, 2021 10:57:16 AM</span>
	<span class='label end-time'>Dec 6, 2021 10:57:46 AM</span>
	<span class='label time-taken grey lighten-1 white-text'>0h 0m 29s+879ms</span>
</div>
<div class='test-steps'>
	<table class='bordered table-results'>
		<thead>
			<tr>
				<th>Status</th>
				<th>Timestamp</th>
				<th>Details</th>
			</tr>
		</thead>
		<tbody>
			<tr class='log' status='pass'>
				<td class='status pass' title='pass' alt='pass'><i class='material-icons'>check_circle</i></td>
				<td class='timestamp'>10:57:46 AM</td>
				<td class='step-details'>
						Test passed
					
				</td>
			</tr>
		</tbody>
	</table>
</div>
					</div>
				</li>
				<li class='test displayed active  pass' status='pass' bdd='false' test-id='14'>
					<div class='test-heading'>
						<span class='test-name'>NA_01_verifyCustomerIDFieldCannotBeEmpty</span>
						<span class='test-time'>Dec 6, 2021 10:57:13 AM</span>
						<span class='test-status right pass'>pass</span>
					</div>
					<div class='test-content hide'>
<div class='test-time-info'>
	<span class='label start-time'>Dec 6, 2021 10:57:13 AM</span>
	<span class='label end-time'>Dec 6, 2021 10:57:46 AM</span>
	<span class='label time-taken grey lighten-1 white-text'>0h 0m 32s+353ms</span>
</div>
<div class='test-steps'>
	<table class='bordered table-results'>
		<thead>
			<tr>
				<th>Status</th>
				<th>Timestamp</th>
				<th>Details</th>
			</tr>
		</thead>
		<tbody>
			<tr class='log' status='pass'>
				<td class='status pass' title='pass' alt='pass'><i class='material-icons'>check_circle</i></td>
				<td class='timestamp'>10:57:46 AM</td>
				<td class='step-details'>
						Test passed
					
				</td>
			</tr>
		</tbody>
	</table>
</div>
					</div>
				</li>
				<li class='test displayed active  pass' status='pass' bdd='false' test-id='15'>
					<div class='test-heading'>
						<span class='test-name'>EA_05_verifyAccountNoFieldCannotHaveBlankSpace</span>
						<span class='test-time'>Dec 6, 2021 10:57:31 AM</span>
						<span class='test-status right pass'>pass</span>
					</div>
					<div class='test-content hide'>
<div class='test-time-info'>
	<span class='label start-time'>Dec 6, 2021 10:57:31 AM</span>
	<span class='label end-time'>Dec 6, 2021 10:57:46 AM</span>
	<span class='label time-taken grey lighten-1 white-text'>0h 0m 14s+380ms</span>
</div>
<div class='test-steps'>
	<table class='bordered table-results'>
		<thead>
			<tr>
				<th>Status</th>
				<th>Timestamp</th>
				<th>Details</th>
			</tr>
		</thead>
		<tbody>
			<tr class='log' status='pass'>
				<td class='status pass' title='pass' alt='pass'><i class='material-icons'>check_circle</i></td>
				<td class='timestamp'>10:57:46 AM</td>
				<td class='step-details'>
						Test passed
					
				</td>
			</tr>
		</tbody>
	</table>
</div>
					</div>
				</li>
				<li class='test displayed active  pass' status='pass' bdd='false' test-id='16'>
					<div class='test-heading'>
						<span class='test-name'>NA_02_verifyCustomerIDFieldMustBeNumeric</span>
						<span class='test-time'>Dec 6, 2021 10:57:14 AM</span>
						<span class='test-status right pass'>pass</span>
					</div>
					<div class='test-content hide'>
<div class='test-time-info'>
	<span class='label start-time'>Dec 6, 2021 10:57:14 AM</span>
	<span class='label end-time'>Dec 6, 2021 10:57:46 AM</span>
	<span class='label time-taken grey lighten-1 white-text'>0h 0m 31s+914ms</span>
</div>
<div class='test-steps'>
	<table class='bordered table-results'>
		<thead>
			<tr>
				<th>Status</th>
				<th>Timestamp</th>
				<th>Details</th>
			</tr>
		</thead>
		<tbody>
			<tr class='log' status='pass'>
				<td class='status pass' title='pass' alt='pass'><i class='material-icons'>check_circle</i></td>
				<td class='timestamp'>10:57:46 AM</td>
				<td class='step-details'>
						Test passed
					
				</td>
			</tr>
		</tbody>
	</table>
</div>
					</div>
				</li>
				<li class='test displayed active  pass' status='pass' bdd='false' test-id='17'>
					<div class='test-heading'>
						<span class='test-name'>DA_04_verifyAccountNoFieldCannotHaveBlankSpace</span>
						<span class='test-time'>Dec 6, 2021 10:57:44 AM</span>
						<span class='test-status right pass'>pass</span>
					</div>
					<div class='test-content hide'>
<div class='test-time-info'>
	<span class='label start-time'>Dec 6, 2021 10:57:44 AM</span>
	<span class='label end-time'>Dec 6, 2021 10:57:46 AM</span>
	<span class='label time-taken grey lighten-1 white-text'>0h 0m 1s+564ms</span>
</div>
<div class='test-steps'>
	<table class='bordered table-results'>
		<thead>
			<tr>
				<th>Status</th>
				<th>Timestamp</th>
				<th>Details</th>
			</tr>
		</thead>
		<tbody>
			<tr class='log' status='pass'>
				<td class='status pass' title='pass' alt='pass'><i class='material-icons'>check_circle</i></td>
				<td class='timestamp'>10:57:46 AM</td>
				<td class='step-details'>
						Test passed
					
				</td>
			</tr>
		</tbody>
	</table>
</div>
					</div>
				</li>
				<li class='test displayed active  fail' status='fail' bdd='false' test-id='18'>
					<div class='test-heading'>
						<span class='test-name'>DA_05_verifyAccountNoFieldFirstCharacerCannotHaveSpace</span>
						<span class='test-time'>Dec 6, 2021 10:57:45 AM</span>
						<span class='test-status right fail'>fail</span>
					</div>
					<div class='test-content hide'>
<div class='test-time-info'>
	<span class='label start-time'>Dec 6, 2021 10:57:45 AM</span>
	<span class='label end-time'>Dec 6, 2021 10:57:46 AM</span>
	<span class='label time-taken grey lighten-1 white-text'>0h 0m 1s+15ms</span>
</div>
<div class='test-steps'>
	<table class='bordered table-results'>
		<thead>
			<tr>
				<th>Status</th>
				<th>Timestamp</th>
				<th>Details</th>
			</tr>
		</thead>
		<tbody>
			<tr class='log' status='fail'>
				<td class='status fail' title='fail' alt='fail'><i class='material-icons'>cancel</i></td>
				<td class='timestamp'>10:57:46 AM</td>
				<td class='step-details'>
						<textarea disabled class="code-block">java.lang.AssertionError: expected [First character can not have space] but found [Characters are not allowed]
	at org.testng.Assert.fail(Assert.java:96)
	at org.testng.Assert.failNotEquals(Assert.java:776)
	at org.testng.Assert.assertEqualsImpl(Assert.java:137)
	at org.testng.Assert.assertEquals(Assert.java:118)
	at org.testng.Assert.assertEquals(Assert.java:442)
	at commons.AbstractTest.checkEquals(AbstractTest.java:195)
	at commons.AbstractTest.verifyEquals(AbstractTest.java:207)
	at com.bankguru.account.DeleteAccount.DA_05_verifyAccountNoFieldFirstCharacerCannotHaveSpace(DeleteAccount.java:126)
	at sun.reflect.NativeMethodAccessorImpl.invoke0(Native Method)
	at sun.reflect.NativeMethodAccessorImpl.invoke(NativeMethodAccessorImpl.java:62)
	at sun.reflect.DelegatingMethodAccessorImpl.invoke(DelegatingMethodAccessorImpl.java:43)
	at java.lang.reflect.Method.invoke(Method.java:498)
	at org.testng.internal.MethodInvocationHelper.invokeMethod(MethodInvocationHelper.java:124)
	at org.testng.internal.Invoker.invokeMethod(Invoker.java:583)
	at org.testng.internal.Invoker.invokeTestMethod(Invoker.java:719)
	at org.testng.internal.Invoker.invokeTestMethods(Invoker.java:989)
	at org.testng.internal.TestMethodWorker.invokeTestMethods(TestMethodWorker.java:125)
	at org.testng.internal.TestMethodWorker.run(TestMethodWorker.java:109)
	at org.testng.TestRunner.privateRun(TestRunner.java:648)
	at org.testng.TestRunner.run(TestRunner.java:505)
	at org.testng.SuiteRunner.runTest(SuiteRunner.java:455)
	at org.testng.SuiteRunner.runSequentially(SuiteRunner.java:450)
	at org.testng.SuiteRunner.privateRun(SuiteRunner.java:415)
	at org.testng.SuiteRunner.run(SuiteRunner.java:364)
	at org.testng.SuiteRunnerWorker.runSuite(SuiteRunnerWorker.java:52)
	at org.testng.SuiteRunnerWorker.run(SuiteRunnerWorker.java:84)
	at org.testng.TestNG.runSuitesSequentially(TestNG.java:1208)
	at org.testng.TestNG.runSuitesLocally(TestNG.java:1137)
	at org.testng.TestNG.runSuites(TestNG.java:1049)
	at org.testng.TestNG.run(TestNG.java:1017)
	at org.testng.remote.AbstractRemoteTestNG.run(AbstractRemoteTestNG.java:115)
	at org.testng.remote.RemoteTestNG.initAndRun(RemoteTestNG.java:251)
	at org.testng.remote.RemoteTestNG.main(RemoteTestNG.java:77)
</textarea>
					
				</td>
			</tr>
		</tbody>
	</table>
</div>
					</div>
				</li>
				<li class='test displayed active  fail' status='fail' bdd='false' test-id='19'>
					<div class='test-heading'>
						<span class='test-name'>DA_02_verifyAccountNoFieldMustBeNumberic</span>
						<span class='test-time'>Dec 6, 2021 10:57:43 AM</span>
						<span class='test-status right fail'>fail</span>
					</div>
					<div class='test-content hide'>
<div class='test-time-info'>
	<span class='label start-time'>Dec 6, 2021 10:57:43 AM</span>
	<span class='label end-time'>Dec 6, 2021 10:57:46 AM</span>
	<span class='label time-taken grey lighten-1 white-text'>0h 0m 2s+735ms</span>
</div>
<div class='test-steps'>
	<table class='bordered table-results'>
		<thead>
			<tr>
				<th>Status</th>
				<th>Timestamp</th>
				<th>Details</th>
			</tr>
		</thead>
		<tbody>
			<tr class='log' status='fail'>
				<td class='status fail' title='fail' alt='fail'><i class='material-icons'>cancel</i></td>
				<td class='timestamp'>10:57:46 AM</td>
				<td class='step-details'>
						<textarea disabled class="code-block">java.lang.Throwable: Multiple failures (2):
Failure 1 of 2
java.lang.AssertionError: expected [Account Number must not be blank] but found [Characters are not allowed]
	at org.testng.Assert.fail(Assert.java:96)
	at org.testng.Assert.failNotEquals(Assert.java:776)
	at org.testng.Assert.assertEqualsImpl(Assert.java:137)
	at org.testng.Assert.assertEquals(Assert.java:118)
	at org.testng.Assert.assertEquals(Assert.java:442)
	at commons.AbstractTest.checkEquals(AbstractTest.java:195)
	at commons.AbstractTest.verifyEquals(AbstractTest.java:207)
	at com.bankguru.account.DeleteAccount.DA_02_verifyAccountNoFieldMustBeNumberic(DeleteAccount.java:65)
	at sun.reflect.NativeMethodAccessorImpl.invoke0(Native Method)
	at sun.reflect.NativeMethodAccessorImpl.invoke(NativeMethodAccessorImpl.java:62)
	at sun.reflect.DelegatingMethodAccessorImpl.invoke(DelegatingMethodAccessorImpl.java:43)
	at java.lang.reflect.Method.invoke(Method.java:498)
	at org.testng.internal.MethodInvocationHelper.invokeMethod(MethodInvocationHelper.java:124)
	at org.testng.internal.Invoker.invokeMethod(Invoker.java:583)
	at org.testng.internal.Invoker.invokeTestMethod(Invoker.java:719)
	at org.testng.internal.Invoker.invokeTestMethods(Invoker.java:989)
	at org.testng.internal.TestMethodWorker.invokeTestMethods(TestMethodWorker.java:125)
	at org.testng.internal.TestMethodWorker.run(TestMethodWorker.java:109)
	at org.testng.TestRunner.privateRun(TestRunner.java:648)
	at org.testng.TestRunner.run(TestRunner.java:505)
	at org.testng.SuiteRunner.runTest(SuiteRunner.java:455)
	at org.testng.SuiteRunner.runSequentially(SuiteRunner.java:450)
	at org.testng.SuiteRunner.privateRun(SuiteRunner.java:415)
	at org.testng.SuiteRunner.run(SuiteRunner.java:364)
	at org.testng.SuiteRunnerWorker.runSuite(SuiteRunnerWorker.java:52)
	at org.testng.SuiteRunnerWorker.run(SuiteRunnerWorker.java:84)
	at org.testng.TestNG.runSuitesSequentially(TestNG.java:1208)
	at org.testng.TestNG.runSuitesLocally(TestNG.java:1137)
	at org.testng.TestNG.runSuites(TestNG.java:1049)
	at org.testng.TestNG.run(TestNG.java:1017)
	at org.testng.remote.AbstractRemoteTestNG.run(AbstractRemoteTestNG.java:115)
	at org.testng.remote.RemoteTestNG.initAndRun(RemoteTestNG.java:251)
	at org.testng.remote.RemoteTestNG.main(RemoteTestNG.java:77)

Failure 2 of 2
java.lang.AssertionError: expected [Account Number must not be blank] but found [Characters are not allowed]
	at org.testng.Assert.fail(Assert.java:96)
	at org.testng.Assert.failNotEquals(Assert.java:776)
	at org.testng.Assert.assertEqualsImpl(Assert.java:137)
	at org.testng.Assert.assertEquals(Assert.java:118)
	at org.testng.Assert.assertEquals(Assert.java:442)
	at commons.AbstractTest.checkEquals(AbstractTest.java:195)
	at commons.AbstractTest.verifyEquals(AbstractTest.java:207)
	at com.bankguru.account.DeleteAccount.DA_02_verifyAccountNoFieldMustBeNumberic(DeleteAccount.java:72)
	at sun.reflect.NativeMethodAccessorImpl.invoke0(Native Method)
	at sun.reflect.NativeMethodAccessorImpl.invoke(NativeMethodAccessorImpl.java:62)
	at sun.reflect.DelegatingMethodAccessorImpl.invoke(DelegatingMethodAccessorImpl.java:43)
	at java.lang.reflect.Method.invoke(Method.java:498)
	at org.testng.internal.MethodInvocationHelper.invokeMethod(MethodInvocationHelper.java:124)
	at org.testng.internal.Invoker.invokeMethod(Invoker.java:583)
	at org.testng.internal.Invoker.invokeTestMethod(Invoker.java:719)
	at org.testng.internal.Invoker.invokeTestMethods(Invoker.java:989)
	at org.testng.internal.TestMethodWorker.invokeTestMethods(TestMethodWorker.java:125)
	at org.testng.internal.TestMethodWorker.run(TestMethodWorker.java:109)
	at org.testng.TestRunner.privateRun(TestRunner.java:648)
	at org.testng.TestRunner.run(TestRunner.java:505)
	at org.testng.SuiteRunner.runTest(SuiteRunner.java:455)
	at org.testng.SuiteRunner.runSequentially(SuiteRunner.java:450)
	at org.testng.SuiteRunner.privateRun(SuiteRunner.java:415)
	at org.testng.SuiteRunner.run(SuiteRunner.java:364)
	at org.testng.SuiteRunnerWorker.runSuite(SuiteRunnerWorker.java:52)
	at org.testng.SuiteRunnerWorker.run(SuiteRunnerWorker.java:84)
	at org.testng.TestNG.runSuitesSequentially(TestNG.java:1208)
	at org.testng.TestNG.runSuitesLocally(TestNG.java:1137)
	at org.testng.TestNG.runSuites(TestNG.java:1049)
	at org.testng.TestNG.run(TestNG.java:1017)
	at org.testng.remote.AbstractRemoteTestNG.run(AbstractRemoteTestNG.java:115)
	at org.testng.remote.RemoteTestNG.initAndRun(RemoteTestNG.java:251)
	at org.testng.remote.RemoteTestNG.main(RemoteTestNG.java:77)
</textarea>
					
				</td>
			</tr>
		</tbody>
	</table>
</div>
					</div>
				</li>
				<li class='test displayed active  fail' status='fail' bdd='false' test-id='20'>
					<div class='test-heading'>
						<span class='test-name'>EA_06_verifyAccountNoFieldFirstCharacerCannotHaveSpace</span>
						<span class='test-time'>Dec 6, 2021 10:57:32 AM</span>
						<span class='test-status right fail'>fail</span>
					</div>
					<div class='test-content hide'>
<div class='test-time-info'>
	<span class='label start-time'>Dec 6, 2021 10:57:32 AM</span>
	<span class='label end-time'>Dec 6, 2021 10:57:46 AM</span>
	<span class='label time-taken grey lighten-1 white-text'>0h 0m 13s+598ms</span>
</div>
<div class='test-steps'>
	<table class='bordered table-results'>
		<thead>
			<tr>
				<th>Status</th>
				<th>Timestamp</th>
				<th>Details</th>
			</tr>
		</thead>
		<tbody>
			<tr class='log' status='fail'>
				<td class='status fail' title='fail' alt='fail'><i class='material-icons'>cancel</i></td>
				<td class='timestamp'>10:57:46 AM</td>
				<td class='step-details'>
						<textarea disabled class="code-block">java.lang.AssertionError: expected [First character can not have space] but found [Characters are not allowed]
	at org.testng.Assert.fail(Assert.java:96)
	at org.testng.Assert.failNotEquals(Assert.java:776)
	at org.testng.Assert.assertEqualsImpl(Assert.java:137)
	at org.testng.Assert.assertEquals(Assert.java:118)
	at org.testng.Assert.assertEquals(Assert.java:442)
	at commons.AbstractTest.checkEquals(AbstractTest.java:195)
	at commons.AbstractTest.verifyEquals(AbstractTest.java:207)
	at com.bankguru.account.EditAccount.EA_06_verifyAccountNoFieldFirstCharacerCannotHaveSpace(EditAccount.java:142)
	at sun.reflect.NativeMethodAccessorImpl.invoke0(Native Method)
	at sun.reflect.NativeMethodAccessorImpl.invoke(NativeMethodAccessorImpl.java:62)
	at sun.reflect.DelegatingMethodAccessorImpl.invoke(DelegatingMethodAccessorImpl.java:43)
	at java.lang.reflect.Method.invoke(Method.java:498)
	at org.testng.internal.MethodInvocationHelper.invokeMethod(MethodInvocationHelper.java:124)
	at org.testng.internal.Invoker.invokeMethod(Invoker.java:583)
	at org.testng.internal.Invoker.invokeTestMethod(Invoker.java:719)
	at org.testng.internal.Invoker.invokeTestMethods(Invoker.java:989)
	at org.testng.internal.TestMethodWorker.invokeTestMethods(TestMethodWorker.java:125)
	at org.testng.internal.TestMethodWorker.run(TestMethodWorker.java:109)
	at org.testng.TestRunner.privateRun(TestRunner.java:648)
	at org.testng.TestRunner.run(TestRunner.java:505)
	at org.testng.SuiteRunner.runTest(SuiteRunner.java:455)
	at org.testng.SuiteRunner.runSequentially(SuiteRunner.java:450)
	at org.testng.SuiteRunner.privateRun(SuiteRunner.java:415)
	at org.testng.SuiteRunner.run(SuiteRunner.java:364)
	at org.testng.SuiteRunnerWorker.runSuite(SuiteRunnerWorker.java:52)
	at org.testng.SuiteRunnerWorker.run(SuiteRunnerWorker.java:84)
	at org.testng.TestNG.runSuitesSequentially(TestNG.java:1208)
	at org.testng.TestNG.runSuitesLocally(TestNG.java:1137)
	at org.testng.TestNG.runSuites(TestNG.java:1049)
	at org.testng.TestNG.run(TestNG.java:1017)
	at org.testng.remote.AbstractRemoteTestNG.run(AbstractRemoteTestNG.java:115)
	at org.testng.remote.RemoteTestNG.initAndRun(RemoteTestNG.java:251)
	at org.testng.remote.RemoteTestNG.main(RemoteTestNG.java:77)
</textarea>
					
				</td>
			</tr>
		</tbody>
	</table>
</div>
					</div>
				</li>
				<li class='test displayed active  fail' status='fail' bdd='false' test-id='21'>
					<div class='test-heading'>
						<span class='test-name'>DA_01_verifyAccountNoFieldCannotBeEmpty</span>
						<span class='test-time'>Dec 6, 2021 10:57:42 AM</span>
						<span class='test-status right fail'>fail</span>
					</div>
					<div class='test-content hide'>
<div class='test-time-info'>
	<span class='label start-time'>Dec 6, 2021 10:57:42 AM</span>
	<span class='label end-time'>Dec 6, 2021 10:57:46 AM</span>
	<span class='label time-taken grey lighten-1 white-text'>0h 0m 3s+375ms</span>
</div>
<div class='test-steps'>
	<table class='bordered table-results'>
		<thead>
			<tr>
				<th>Status</th>
				<th>Timestamp</th>
				<th>Details</th>
			</tr>
		</thead>
		<tbody>
			<tr class='log' status='fail'>
				<td class='status fail' title='fail' alt='fail'><i class='material-icons'>cancel</i></td>
				<td class='timestamp'>10:57:46 AM</td>
				<td class='step-details'>
						<textarea disabled class="code-block">java.lang.AssertionError: expected [Customer ID is required] but found [Account Number must not be blank]
	at org.testng.Assert.fail(Assert.java:96)
	at org.testng.Assert.failNotEquals(Assert.java:776)
	at org.testng.Assert.assertEqualsImpl(Assert.java:137)
	at org.testng.Assert.assertEquals(Assert.java:118)
	at org.testng.Assert.assertEquals(Assert.java:442)
	at commons.AbstractTest.checkEquals(AbstractTest.java:195)
	at commons.AbstractTest.verifyEquals(AbstractTest.java:207)
	at com.bankguru.account.DeleteAccount.DA_01_verifyAccountNoFieldCannotBeEmpty(DeleteAccount.java:51)
	at sun.reflect.NativeMethodAccessorImpl.invoke0(Native Method)
	at sun.reflect.NativeMethodAccessorImpl.invoke(NativeMethodAccessorImpl.java:62)
	at sun.reflect.DelegatingMethodAccessorImpl.invoke(DelegatingMethodAccessorImpl.java:43)
	at java.lang.reflect.Method.invoke(Method.java:498)
	at org.testng.internal.MethodInvocationHelper.invokeMethod(MethodInvocationHelper.java:124)
	at org.testng.internal.Invoker.invokeMethod(Invoker.java:583)
	at org.testng.internal.Invoker.invokeTestMethod(Invoker.java:719)
	at org.testng.internal.Invoker.invokeTestMethods(Invoker.java:989)
	at org.testng.internal.TestMethodWorker.invokeTestMethods(TestMethodWorker.java:125)
	at org.testng.internal.TestMethodWorker.run(TestMethodWorker.java:109)
	at org.testng.TestRunner.privateRun(TestRunner.java:648)
	at org.testng.TestRunner.run(TestRunner.java:505)
	at org.testng.SuiteRunner.runTest(SuiteRunner.java:455)
	at org.testng.SuiteRunner.runSequentially(SuiteRunner.java:450)
	at org.testng.SuiteRunner.privateRun(SuiteRunner.java:415)
	at org.testng.SuiteRunner.run(SuiteRunner.java:364)
	at org.testng.SuiteRunnerWorker.runSuite(SuiteRunnerWorker.java:52)
	at org.testng.SuiteRunnerWorker.run(SuiteRunnerWorker.java:84)
	at org.testng.TestNG.runSuitesSequentially(TestNG.java:1208)
	at org.testng.TestNG.runSuitesLocally(TestNG.java:1137)
	at org.testng.TestNG.runSuites(TestNG.java:1049)
	at org.testng.TestNG.run(TestNG.java:1017)
	at org.testng.remote.AbstractRemoteTestNG.run(AbstractRemoteTestNG.java:115)
	at org.testng.remote.RemoteTestNG.initAndRun(RemoteTestNG.java:251)
	at org.testng.remote.RemoteTestNG.main(RemoteTestNG.java:77)
</textarea>
					
				</td>
			</tr>
		</tbody>
	</table>
</div>
					</div>
				</li>
			</ul>
		</div>
	</div>
	<!-- subview left -->
	<div class='subview-right left'>
		<div class='view-summary'>
			<div id='step-filters' class="right sr-filters">
				<a class="btn-floating waves-effect waves-light green" status="pass" alt="pass" title="pass"><i class="material-icons">check_circle</i></a>
				<a class="btn-floating waves-effect waves-light red" status="fail" alt="fail" title="fail"><i class="material-icons">cancel</i></a>
				<a class="btn-floating waves-effect waves-light red darken-4" status="fatal" alt="fatal" title="fatal"><i class="material-icons">cancel</i></a>
				<a class="btn-floating waves-effect waves-light pink text-lighten-1" status="error" alt="error" title="error"><i class="material-icons">error</i></a>
				<a class="btn-floating waves-effect waves-light orange" alt="warning" status="warning" title="warning"><i class="material-icons">warning</i></a>
				<a class="btn-floating waves-effect waves-light teal" status="skip" alt="skip" title="skip"><i class="material-icons">redo</i></a>
				<a class="btn-floating waves-effect waves-light grey" status="clear" alt="Clear filters" title="Clear filters"><i class="material-icons">clear</i></a>
			</div>
			<h5 class='test-name'></h5>
		</div>
	</div>
	<!-- subview right -->
</div>
<!-- test view --><!-- category view --><div id='exception-view' class='view hide'>
	<section id='controls'>
		<div class='controls grey lighten-4'>
			<!-- search -->
			<div class='chip transparent' alt='Search Tests' title='Search Tests'>
				<a href="#" class='search-div'>
				<i class='material-icons'>search</i> Search
				</a>
				<div class='input-field left hide'>
					<input id='search-tests' type='text' class='validate browser-default' placeholder='Search Tests...'>
				</div>
			</div>
			<!-- search -->
		</div>
	</section>
	<div class='subview-left left'>
		<div class='view-summary'>
			<ul id='exception-collection' class='exception-collection'>
				<li class='exception displayed active'>
					<div class='exception-heading'>
						<span class='exception-name'>java.lang.AssertionError</span>
						<span class='exception-count right'><span class='label red lighten-1 white-text'>3</span></span>
					</div>
					<div class='exception-content hide'>
						<div class='exception-tests'>
							<table class='bordered table-results'>
								<thead>
									<tr>
										<th>Timestamp</th>
										<th>TestName</th>
										<th>Status</th>
									</tr>
								</thead>
								<tbody>
									<tr>
										<td>Dec 6, 2021 10:57:45 AM</td>
										<td class='linked' test-id='18'>DA_05_verifyAccountNoFieldFirstCharacerCannotHaveSpace</td>
										<td>
											<textarea disabled class="code-block">java.lang.AssertionError: expected [First character can not have space] but found [Characters are not allowed]
	at org.testng.Assert.fail(Assert.java:96)
	at org.testng.Assert.failNotEquals(Assert.java:776)
	at org.testng.Assert.assertEqualsImpl(Assert.java:137)
	at org.testng.Assert.assertEquals(Assert.java:118)
	at org.testng.Assert.assertEquals(Assert.java:442)
	at commons.AbstractTest.checkEquals(AbstractTest.java:195)
	at commons.AbstractTest.verifyEquals(AbstractTest.java:207)
	at com.bankguru.account.DeleteAccount.DA_05_verifyAccountNoFieldFirstCharacerCannotHaveSpace(DeleteAccount.java:126)
	at sun.reflect.NativeMethodAccessorImpl.invoke0(Native Method)
	at sun.reflect.NativeMethodAccessorImpl.invoke(NativeMethodAccessorImpl.java:62)
	at sun.reflect.DelegatingMethodAccessorImpl.invoke(DelegatingMethodAccessorImpl.java:43)
	at java.lang.reflect.Method.invoke(Method.java:498)
	at org.testng.internal.MethodInvocationHelper.invokeMethod(MethodInvocationHelper.java:124)
	at org.testng.internal.Invoker.invokeMethod(Invoker.java:583)
	at org.testng.internal.Invoker.invokeTestMethod(Invoker.java:719)
	at org.testng.internal.Invoker.invokeTestMethods(Invoker.java:989)
	at org.testng.internal.TestMethodWorker.invokeTestMethods(TestMethodWorker.java:125)
	at org.testng.internal.TestMethodWorker.run(TestMethodWorker.java:109)
	at org.testng.TestRunner.privateRun(TestRunner.java:648)
	at org.testng.TestRunner.run(TestRunner.java:505)
	at org.testng.SuiteRunner.runTest(SuiteRunner.java:455)
	at org.testng.SuiteRunner.runSequentially(SuiteRunner.java:450)
	at org.testng.SuiteRunner.privateRun(SuiteRunner.java:415)
	at org.testng.SuiteRunner.run(SuiteRunner.java:364)
	at org.testng.SuiteRunnerWorker.runSuite(SuiteRunnerWorker.java:52)
	at org.testng.SuiteRunnerWorker.run(SuiteRunnerWorker.java:84)
	at org.testng.TestNG.runSuitesSequentially(TestNG.java:1208)
	at org.testng.TestNG.runSuitesLocally(TestNG.java:1137)
	at org.testng.TestNG.runSuites(TestNG.java:1049)
	at org.testng.TestNG.run(TestNG.java:1017)
	at org.testng.remote.AbstractRemoteTestNG.run(AbstractRemoteTestNG.java:115)
	at org.testng.remote.RemoteTestNG.initAndRun(RemoteTestNG.java:251)
	at org.testng.remote.RemoteTestNG.main(RemoteTestNG.java:77)
</textarea>
										</td>
									</tr>
									<tr>
										<td>Dec 6, 2021 10:57:32 AM</td>
										<td class='linked' test-id='20'>EA_06_verifyAccountNoFieldFirstCharacerCannotHaveSpace</td>
										<td>
											<textarea disabled class="code-block">java.lang.AssertionError: expected [First character can not have space] but found [Characters are not allowed]
	at org.testng.Assert.fail(Assert.java:96)
	at org.testng.Assert.failNotEquals(Assert.java:776)
	at org.testng.Assert.assertEqualsImpl(Assert.java:137)
	at org.testng.Assert.assertEquals(Assert.java:118)
	at org.testng.Assert.assertEquals(Assert.java:442)
	at commons.AbstractTest.checkEquals(AbstractTest.java:195)
	at commons.AbstractTest.verifyEquals(AbstractTest.java:207)
	at com.bankguru.account.EditAccount.EA_06_verifyAccountNoFieldFirstCharacerCannotHaveSpace(EditAccount.java:142)
	at sun.reflect.NativeMethodAccessorImpl.invoke0(Native Method)
	at sun.reflect.NativeMethodAccessorImpl.invoke(NativeMethodAccessorImpl.java:62)
	at sun.reflect.DelegatingMethodAccessorImpl.invoke(DelegatingMethodAccessorImpl.java:43)
	at java.lang.reflect.Method.invoke(Method.java:498)
	at org.testng.internal.MethodInvocationHelper.invokeMethod(MethodInvocationHelper.java:124)
	at org.testng.internal.Invoker.invokeMethod(Invoker.java:583)
	at org.testng.internal.Invoker.invokeTestMethod(Invoker.java:719)
	at org.testng.internal.Invoker.invokeTestMethods(Invoker.java:989)
	at org.testng.internal.TestMethodWorker.invokeTestMethods(TestMethodWorker.java:125)
	at org.testng.internal.TestMethodWorker.run(TestMethodWorker.java:109)
	at org.testng.TestRunner.privateRun(TestRunner.java:648)
	at org.testng.TestRunner.run(TestRunner.java:505)
	at org.testng.SuiteRunner.runTest(SuiteRunner.java:455)
	at org.testng.SuiteRunner.runSequentially(SuiteRunner.java:450)
	at org.testng.SuiteRunner.privateRun(SuiteRunner.java:415)
	at org.testng.SuiteRunner.run(SuiteRunner.java:364)
	at org.testng.SuiteRunnerWorker.runSuite(SuiteRunnerWorker.java:52)
	at org.testng.SuiteRunnerWorker.run(SuiteRunnerWorker.java:84)
	at org.testng.TestNG.runSuitesSequentially(TestNG.java:1208)
	at org.testng.TestNG.runSuitesLocally(TestNG.java:1137)
	at org.testng.TestNG.runSuites(TestNG.java:1049)
	at org.testng.TestNG.run(TestNG.java:1017)
	at org.testng.remote.AbstractRemoteTestNG.run(AbstractRemoteTestNG.java:115)
	at org.testng.remote.RemoteTestNG.initAndRun(RemoteTestNG.java:251)
	at org.testng.remote.RemoteTestNG.main(RemoteTestNG.java:77)
</textarea>
										</td>
									</tr>
									<tr>
										<td>Dec 6, 2021 10:57:42 AM</td>
										<td class='linked' test-id='21'>DA_01_verifyAccountNoFieldCannotBeEmpty</td>
										<td>
											<textarea disabled class="code-block">java.lang.AssertionError: expected [Customer ID is required] but found [Account Number must not be blank]
	at org.testng.Assert.fail(Assert.java:96)
	at org.testng.Assert.failNotEquals(Assert.java:776)
	at org.testng.Assert.assertEqualsImpl(Assert.java:137)
	at org.testng.Assert.assertEquals(Assert.java:118)
	at org.testng.Assert.assertEquals(Assert.java:442)
	at commons.AbstractTest.checkEquals(AbstractTest.java:195)
	at commons.AbstractTest.verifyEquals(AbstractTest.java:207)
	at com.bankguru.account.DeleteAccount.DA_01_verifyAccountNoFieldCannotBeEmpty(DeleteAccount.java:51)
	at sun.reflect.NativeMethodAccessorImpl.invoke0(Native Method)
	at sun.reflect.NativeMethodAccessorImpl.invoke(NativeMethodAccessorImpl.java:62)
	at sun.reflect.DelegatingMethodAccessorImpl.invoke(DelegatingMethodAccessorImpl.java:43)
	at java.lang.reflect.Method.invoke(Method.java:498)
	at org.testng.internal.MethodInvocationHelper.invokeMethod(MethodInvocationHelper.java:124)
	at org.testng.internal.Invoker.invokeMethod(Invoker.java:583)
	at org.testng.internal.Invoker.invokeTestMethod(Invoker.java:719)
	at org.testng.internal.Invoker.invokeTestMethods(Invoker.java:989)
	at org.testng.internal.TestMethodWorker.invokeTestMethods(TestMethodWorker.java:125)
	at org.testng.internal.TestMethodWorker.run(TestMethodWorker.java:109)
	at org.testng.TestRunner.privateRun(TestRunner.java:648)
	at org.testng.TestRunner.run(TestRunner.java:505)
	at org.testng.SuiteRunner.runTest(SuiteRunner.java:455)
	at org.testng.SuiteRunner.runSequentially(SuiteRunner.java:450)
	at org.testng.SuiteRunner.privateRun(SuiteRunner.java:415)
	at org.testng.SuiteRunner.run(SuiteRunner.java:364)
	at org.testng.SuiteRunnerWorker.runSuite(SuiteRunnerWorker.java:52)
	at org.testng.SuiteRunnerWorker.run(SuiteRunnerWorker.java:84)
	at org.testng.TestNG.runSuitesSequentially(TestNG.java:1208)
	at org.testng.TestNG.runSuitesLocally(TestNG.java:1137)
	at org.testng.TestNG.runSuites(TestNG.java:1049)
	at org.testng.TestNG.run(TestNG.java:1017)
	at org.testng.remote.AbstractRemoteTestNG.run(AbstractRemoteTestNG.java:115)
	at org.testng.remote.RemoteTestNG.initAndRun(RemoteTestNG.java:251)
	at org.testng.remote.RemoteTestNG.main(RemoteTestNG.java:77)
</textarea>
										</td>
									</tr>
								</tbody>
							</table>
						</div>
					</div>
				</li>
				<li class='exception displayed active'>
					<div class='exception-heading'>
						<span class='exception-name'>java.lang.Throwable</span>
						<span class='exception-count right'><span class='label red lighten-1 white-text'>1</span></span>
					</div>
					<div class='exception-content hide'>
						<div class='exception-tests'>
							<table class='bordered table-results'>
								<thead>
									<tr>
										<th>Timestamp</th>
										<th>TestName</th>
										<th>Status</th>
									</tr>
								</thead>
								<tbody>
									<tr>
										<td>Dec 6, 2021 10:57:43 AM</td>
										<td class='linked' test-id='19'>DA_02_verifyAccountNoFieldMustBeNumberic</td>
										<td>
											<textarea disabled class="code-block">java.lang.Throwable: Multiple failures (2):
Failure 1 of 2
java.lang.AssertionError: expected [Account Number must not be blank] but found [Characters are not allowed]
	at org.testng.Assert.fail(Assert.java:96)
	at org.testng.Assert.failNotEquals(Assert.java:776)
	at org.testng.Assert.assertEqualsImpl(Assert.java:137)
	at org.testng.Assert.assertEquals(Assert.java:118)
	at org.testng.Assert.assertEquals(Assert.java:442)
	at commons.AbstractTest.checkEquals(AbstractTest.java:195)
	at commons.AbstractTest.verifyEquals(AbstractTest.java:207)
	at com.bankguru.account.DeleteAccount.DA_02_verifyAccountNoFieldMustBeNumberic(DeleteAccount.java:65)
	at sun.reflect.NativeMethodAccessorImpl.invoke0(Native Method)
	at sun.reflect.NativeMethodAccessorImpl.invoke(NativeMethodAccessorImpl.java:62)
	at sun.reflect.DelegatingMethodAccessorImpl.invoke(DelegatingMethodAccessorImpl.java:43)
	at java.lang.reflect.Method.invoke(Method.java:498)
	at org.testng.internal.MethodInvocationHelper.invokeMethod(MethodInvocationHelper.java:124)
	at org.testng.internal.Invoker.invokeMethod(Invoker.java:583)
	at org.testng.internal.Invoker.invokeTestMethod(Invoker.java:719)
	at org.testng.internal.Invoker.invokeTestMethods(Invoker.java:989)
	at org.testng.internal.TestMethodWorker.invokeTestMethods(TestMethodWorker.java:125)
	at org.testng.internal.TestMethodWorker.run(TestMethodWorker.java:109)
	at org.testng.TestRunner.privateRun(TestRunner.java:648)
	at org.testng.TestRunner.run(TestRunner.java:505)
	at org.testng.SuiteRunner.runTest(SuiteRunner.java:455)
	at org.testng.SuiteRunner.runSequentially(SuiteRunner.java:450)
	at org.testng.SuiteRunner.privateRun(SuiteRunner.java:415)
	at org.testng.SuiteRunner.run(SuiteRunner.java:364)
	at org.testng.SuiteRunnerWorker.runSuite(SuiteRunnerWorker.java:52)
	at org.testng.SuiteRunnerWorker.run(SuiteRunnerWorker.java:84)
	at org.testng.TestNG.runSuitesSequentially(TestNG.java:1208)
	at org.testng.TestNG.runSuitesLocally(TestNG.java:1137)
	at org.testng.TestNG.runSuites(TestNG.java:1049)
	at org.testng.TestNG.run(TestNG.java:1017)
	at org.testng.remote.AbstractRemoteTestNG.run(AbstractRemoteTestNG.java:115)
	at org.testng.remote.RemoteTestNG.initAndRun(RemoteTestNG.java:251)
	at org.testng.remote.RemoteTestNG.main(RemoteTestNG.java:77)

Failure 2 of 2
java.lang.AssertionError: expected [Account Number must not be blank] but found [Characters are not allowed]
	at org.testng.Assert.fail(Assert.java:96)
	at org.testng.Assert.failNotEquals(Assert.java:776)
	at org.testng.Assert.assertEqualsImpl(Assert.java:137)
	at org.testng.Assert.assertEquals(Assert.java:118)
	at org.testng.Assert.assertEquals(Assert.java:442)
	at commons.AbstractTest.checkEquals(AbstractTest.java:195)
	at commons.AbstractTest.verifyEquals(AbstractTest.java:207)
	at com.bankguru.account.DeleteAccount.DA_02_verifyAccountNoFieldMustBeNumberic(DeleteAccount.java:72)
	at sun.reflect.NativeMethodAccessorImpl.invoke0(Native Method)
	at sun.reflect.NativeMethodAccessorImpl.invoke(NativeMethodAccessorImpl.java:62)
	at sun.reflect.DelegatingMethodAccessorImpl.invoke(DelegatingMethodAccessorImpl.java:43)
	at java.lang.reflect.Method.invoke(Method.java:498)
	at org.testng.internal.MethodInvocationHelper.invokeMethod(MethodInvocationHelper.java:124)
	at org.testng.internal.Invoker.invokeMethod(Invoker.java:583)
	at org.testng.internal.Invoker.invokeTestMethod(Invoker.java:719)
	at org.testng.internal.Invoker.invokeTestMethods(Invoker.java:989)
	at org.testng.internal.TestMethodWorker.invokeTestMethods(TestMethodWorker.java:125)
	at org.testng.internal.TestMethodWorker.run(TestMethodWorker.java:109)
	at org.testng.TestRunner.privateRun(TestRunner.java:648)
	at org.testng.TestRunner.run(TestRunner.java:505)
	at org.testng.SuiteRunner.runTest(SuiteRunner.java:455)
	at org.testng.SuiteRunner.runSequentially(SuiteRunner.java:450)
	at org.testng.SuiteRunner.privateRun(SuiteRunner.java:415)
	at org.testng.SuiteRunner.run(SuiteRunner.java:364)
	at org.testng.SuiteRunnerWorker.runSuite(SuiteRunnerWorker.java:52)
	at org.testng.SuiteRunnerWorker.run(SuiteRunnerWorker.java:84)
	at org.testng.TestNG.runSuitesSequentially(TestNG.java:1208)
	at org.testng.TestNG.runSuitesLocally(TestNG.java:1137)
	at org.testng.TestNG.runSuites(TestNG.java:1049)
	at org.testng.TestNG.run(TestNG.java:1017)
	at org.testng.remote.AbstractRemoteTestNG.run(AbstractRemoteTestNG.java:115)
	at org.testng.remote.RemoteTestNG.initAndRun(RemoteTestNG.java:251)
	at org.testng.remote.RemoteTestNG.main(RemoteTestNG.java:77)
</textarea>
										</td>
									</tr>
								</tbody>
							</table>
						</div>
					</div>
				</li>
			</ul>
		</div>
	</div>
	<div class='subview-right left'>
		<div class='view-summary'>
			<h5 class='exception-name'></h5>
		</div>
	</div>
</div>
<!-- exception view --><div id='dashboard-view' class='view hide'>
	<div class='card-panel transparent np-v'>
		<h5>Dashboard</h5>

		<div class='row'>
			<div class='col s2'>
				<div class='card-panel r'>
					Tests
					<div class='panel-lead'>21</div>
				</div>
			</div>
			<div class='col s2'>
				<div class='card-panel r'>
					Steps
					<div class='panel-lead'>0</div>
				</div>
			</div>
			<div class='col s2'>
				<div class='card-panel r'>
					Start
					<div class='panel-lead'>Dec 6, 2021 10:57:46 AM</div>
				</div>
			</div>
			<div class='col s2'>
				<div class='card-panel r'>
			 		End
			 		<div class='panel-lead'>Dec 6, 2021 10:57:46 AM</div>
				</div>
			</div>
			<div class='col s2'>
				<div class='card-panel r'>
					Time Taken
					<div class='panel-lead'>0h 0m 0s+92ms</div>
				</div>
			</div>
		</div>
	</div>
</div>
<!-- dashboard view -->
<div id='testrunner-logs-view' class='view hide'>
	<div class='card-panel transparent np-v'>
		<h5>TestRunner Logs</h5>
		
		<div class='card-panel'>
				Logging appender is closed
				[INFO ] [2021-12-06 10:57:11,168] Login - Step 02: Input to email and passwork textbox
<br>
				[INFO ] [2021-12-06 10:57:11,389] Login - Step 03: Click to login button -> Navigate to HomePage
<br>
				[INFO ] [2021-12-06 10:57:12,881] Login - Step 04: Verify 'My Account' link is displayed
<br>
				[INFO ] [2021-12-06 10:57:12,981] CustomerIDFieldCannotBeEmpty - step 01: Click New Account link
<br>
				[INFO ] [2021-12-06 10:57:13,584] CustomerIDFieldCannotBeEmpty - step 02: focus out customer id textbox
<br>
				[INFO ] [2021-12-06 10:57:13,747] CustomerIDFieldCannotBeEmpty - step 03: Verify message
<br>
				[INFO ] [2021-12-06 10:57:13,784]  -------------------------- PASSED -------------------------- 
<br>
				[INFO ] [2021-12-06 10:57:13,863] CustomerIDFieldMustBeNumeric - step 01: Click New Account link
<br>
				[INFO ] [2021-12-06 10:57:14,014] CustomerIDFieldMustBeNumeric - step 02: focus out customer id textbox
<br>
				[INFO ] [2021-12-06 10:57:14,100] CustomerIDFieldMustBeNumeric - step 03: Verify message
<br>
				[INFO ] [2021-12-06 10:57:14,134]  -------------------------- PASSED -------------------------- 
<br>
				[INFO ] [2021-12-06 10:57:14,134] CustomerIDFieldMustBeNumeric - step 04: focus out customer id textbox
<br>
				[INFO ] [2021-12-06 10:57:14,195] CustomerIDFieldMustBeNumeric - step 05: Verify message
<br>
				[INFO ] [2021-12-06 10:57:14,223]  -------------------------- PASSED -------------------------- 
<br>
				[INFO ] [2021-12-06 10:57:14,228] CustomerIDFieldCannotHaveSpecialCharacter - step 01: Click New Account link
<br>
				[INFO ] [2021-12-06 10:57:14,380] CustomerIDFieldCannotHaveSpecialCharacter - step 02: focus out customer id textbox
<br>
				[INFO ] [2021-12-06 10:57:14,470] CustomerIDFieldCannotHaveSpecialCharacter - step 03: Verify message
<br>
				[INFO ] [2021-12-06 10:57:14,501]  -------------------------- PASSED -------------------------- 
<br>
				[INFO ] [2021-12-06 10:57:14,501] CustomerIDFieldCannotHaveSpecialCharacter - step 04: focus out customer id textbox
<br>
				[INFO ] [2021-12-06 10:57:14,561] CustomerIDFieldCannotHaveSpecialCharacter - step 05: Verify message
<br>
				[INFO ] [2021-12-06 10:57:14,586]  -------------------------- PASSED -------------------------- 
<br>
				[INFO ] [2021-12-06 10:57:14,589] CustomerIDFieldCannotHaveBlackSpace - step 01: Click New Account link
<br>
				[INFO ] [2021-12-06 10:57:14,744] CustomerIDFieldCannotHaveBlackSpace - step 02: focus out customer id textbox
<br>
				[INFO ] [2021-12-06 10:57:14,818] CustomerIDFieldCannotHaveBlackSpace - step 03: Verify message
<br>
				[INFO ] [2021-12-06 10:57:14,851]  -------------------------- PASSED -------------------------- 
<br>
				[INFO ] [2021-12-06 10:57:14,855] CustomerIDFieldCannotHaveBlackSpace - step 01: Click New Account link
<br>
				[INFO ] [2021-12-06 10:57:15,010] CustomerIDFieldCannotHaveBlackSpace - step 02: focus out customer id textbox
<br>
				[INFO ] [2021-12-06 10:57:15,085] CustomerIDFieldCannotHaveBlackSpace - step 03: Verify message
<br>
				[INFO ] [2021-12-06 10:57:15,118]  -------------------------- PASSED -------------------------- 
<br>
				[INFO ] [2021-12-06 10:57:15,122] DepositFieldCannotBeEmpty - step 01: Click New Account link
<br>
				[INFO ] [2021-12-06 10:57:15,332] DepositFieldCannotBeEmpty - step 02: focus out deposit textbox
<br>
				[INFO ] [2021-12-06 10:57:15,479] DepositFieldCannotBeEmpty - step 03: Verify message
<br>
				[INFO ] [2021-12-06 10:57:15,515]  -------------------------- PASSED -------------------------- 
<br>
				[INFO ] [2021-12-06 10:57:15,517] DepositFieldMustBeNumeric - step 01: Click New Account link
<br>
				[INFO ] [2021-12-06 10:57:15,679] DepositFieldMustBeNumeric - step 02: focus out deposit textbox
<br>
				[INFO ] [2021-12-06 10:57:15,763] DepositFieldMustBeNumeric - step 03: Verify message
<br>
				[INFO ] [2021-12-06 10:57:15,797]  -------------------------- PASSED -------------------------- 
<br>
				[INFO ] [2021-12-06 10:57:15,797] DepositFieldMustBeNumeric - step 04: focus out deposit textbox
<br>
				[INFO ] [2021-12-06 10:57:15,866] DepositFieldMustBeNumeric - step 05: Verify message
<br>
				[INFO ] [2021-12-06 10:57:15,894]  -------------------------- PASSED -------------------------- 
<br>
				[INFO ] [2021-12-06 10:57:15,896] DepositFieldCannotHaveSpecialCharacter - step 01: Click New Account link
<br>
				[INFO ] [2021-12-06 10:57:16,052] DepositFieldCannotHaveSpecialCharacter - step 02: focus out deposit textbox
<br>
				[INFO ] [2021-12-06 10:57:16,134] DepositFieldCannotHaveSpecialCharacter - step 03: Verify message
<br>
				[INFO ] [2021-12-06 10:57:16,166]  -------------------------- PASSED -------------------------- 
<br>
				[INFO ] [2021-12-06 10:57:16,166] DepositFieldCannotHaveSpecialCharacter - step 04: focus out deposit textbox
<br>
				[INFO ] [2021-12-06 10:57:16,227] DepositFieldCannotHaveSpecialCharacter - step 05: Verify message
<br>
				[INFO ] [2021-12-06 10:57:16,257]  -------------------------- PASSED -------------------------- 
<br>
				[INFO ] [2021-12-06 10:57:16,260] DepositFieldCannotHaveBlackSpace - step 01: Click New Account link
<br>
				[INFO ] [2021-12-06 10:57:16,414] DepositFieldCannotHaveBlackSpace - step 02: focus out customer id textbox
<br>
				[INFO ] [2021-12-06 10:57:16,490] DepositFieldCannotHaveBlackSpace - step 03: Verify message
<br>
				[INFO ] [2021-12-06 10:57:16,521]  -------------------------- PASSED -------------------------- 
<br>
				[INFO ] [2021-12-06 10:57:16,524] DepositFieldFirstCharacterCannotBeSpace - step 01: Click New Account link
<br>
				[INFO ] [2021-12-06 10:57:16,680] DepositFieldFirstCharacterCannotBeSpace - step 02: focus out deposit textbox
<br>
				[INFO ] [2021-12-06 10:57:16,755] DepositFieldFirstCharacterCannotBeSpace - step 03: Verify message
<br>
				[INFO ] [2021-12-06 10:57:16,789]  -------------------------- PASSED -------------------------- 
<br>
				[INFO ] [2021-12-06 10:57:16,792] OS name = windows 10
<br>
				[INFO ] [2021-12-06 10:57:16,792] Driver instance name = windows 10
<br>
				Logging appender is closed
				[INFO ] [2021-12-06 10:57:24,639] Login - Step 02: Input to email and passwork textbox
<br>
				[INFO ] [2021-12-06 10:57:24,808] Login - Step 03: Click to login button -> Navigate to HomePage
<br>
				[INFO ] [2021-12-06 10:57:26,856] Login - Step 04: Verify 'My Account' link is displayed
<br>
				[INFO ] [2021-12-06 10:57:26,898] AccountNoFieldCannotBeEmpty - step 01: Click Edit Account link
<br>
				[INFO ] [2021-12-06 10:57:27,756] AccountNoFieldCannotBeEmpty - step 02: focus out account no textbox
<br>
				[INFO ] [2021-12-06 10:57:27,917] AccountNoFieldCannotBeEmpty - step 03: Verify message
<br>
				[INFO ] [2021-12-06 10:57:27,959]  -------------------------- PASSED -------------------------- 
<br>
				[INFO ] [2021-12-06 10:57:27,962] AccountNoFieldMustBeNumberic - step 01: Click Edit Account link
<br>
				[INFO ] [2021-12-06 10:57:28,329] AccountNoFieldMustBeNumberic - step 02: input to account no textbox
<br>
				[INFO ] [2021-12-06 10:57:28,413] AccountNoFieldMustBeNumberic - step 03: Verify message
<br>
				[INFO ] [2021-12-06 10:57:28,444]  -------------------------- PASSED -------------------------- 
<br>
				[INFO ] [2021-12-06 10:57:28,444] AccountNoFieldMustBeNumberic - step 04: input to account no textbox
<br>
				[INFO ] [2021-12-06 10:57:28,508] AccountNoFieldMustBeNumberic - step 05: Verify message
<br>
				[INFO ] [2021-12-06 10:57:28,536]  -------------------------- PASSED -------------------------- 
<br>
				[INFO ] [2021-12-06 10:57:28,539] AccountNoFieldCannotHaveSpecialCharater - step 01: Click Edit Account link
<br>
				[INFO ] [2021-12-06 10:57:28,954] AccountNoFieldCannotHaveSpecialCharater - step 02: input to account no textbox
<br>
				[INFO ] [2021-12-06 10:57:29,036] AccountNoFieldCannotHaveSpecialCharater - step 03: Verify message
<br>
				[INFO ] [2021-12-06 10:57:29,072]  -------------------------- PASSED -------------------------- 
<br>
				[INFO ] [2021-12-06 10:57:29,072] AccountNoFieldCannotHaveSpecialCharater - step 04: input to account no textbox
<br>
				[INFO ] [2021-12-06 10:57:29,144] AccountNoFieldCannotHaveSpecialCharater - step 05: Verify message
<br>
				[INFO ] [2021-12-06 10:57:29,172]  -------------------------- PASSED -------------------------- 
<br>
				[INFO ] [2021-12-06 10:57:29,175] AccountNoFieldValidAccountNumber - step 01: Click Edit Account link
<br>
				[INFO ] [2021-12-06 10:57:29,853] AccountNoFieldValidAccountNumber - step 02: input to account no textbox
<br>
				[INFO ] [2021-12-06 10:57:29,931] AccountNoFieldValidAccountNumber - step 03: input to account no textbox
<br>
				[INFO ] [2021-12-06 10:57:30,919] AccountNoFieldValidAccountNumber - step 03: Verify message
<br>
				[INFO ] [2021-12-06 10:57:30,961]  -------------------------- PASSED -------------------------- 
<br>
				[INFO ] [2021-12-06 10:57:30,964] AccountNoFieldCannotHaveBlankSpace - step 01: Click Edit Account link
<br>
				[INFO ] [2021-12-06 10:57:31,644] AccountNoFieldCannotHaveBlankSpace - step 02: input to account no textbox
<br>
				[INFO ] [2021-12-06 10:57:31,723] AccountNoFieldCannotHaveBlankSpace - step 03: Verify message
<br>
				[INFO ] [2021-12-06 10:57:31,757]  -------------------------- PASSED -------------------------- 
<br>
				[INFO ] [2021-12-06 10:57:31,760] AccountNoFieldFirstCharacerCannotHaveSpace - step 01: Click Edit Account link
<br>
				[INFO ] [2021-12-06 10:57:32,432] AccountNoFieldFirstCharacerCannotHaveSpace - step 02: input to account no textbox
<br>
				[INFO ] [2021-12-06 10:57:32,509] AccountNoFieldFirstCharacerCannotHaveSpace - step 03: Verify message
<br>
				[INFO ] [2021-12-06 10:57:32,542]  -------------------------- FAILED -------------------------- 
<br>
				[INFO ] [2021-12-06 10:57:32,548] OS name = windows 10
<br>
				[INFO ] [2021-12-06 10:57:32,548] Driver instance name = windows 10
<br>
				Logging appender is closed
				[INFO ] [2021-12-06 10:57:40,228] Login - Step 02: Input to email and passwork textbox
<br>
				[INFO ] [2021-12-06 10:57:40,421] Login - Step 03: Click to login button -> Navigate to HomePage
<br>
				[INFO ] [2021-12-06 10:57:41,799] Login - Step 04: Verify 'My Account' link is displayed
<br>
				[INFO ] [2021-12-06 10:57:41,840] AccountNoFieldCannotBeEmpty - step 01: Click Delete Account link
<br>
				[INFO ] [2021-12-06 10:57:42,587] AccountNoFieldCannotBeEmpty - step 02: focus out account no textbox
<br>
				[INFO ] [2021-12-06 10:57:42,732] AccountNoFieldCannotBeEmpty - step 03: Verify message
<br>
				[INFO ] [2021-12-06 10:57:42,765]  -------------------------- FAILED -------------------------- 
<br>
				[INFO ] [2021-12-06 10:57:42,768] AccountNoFieldMustBeNumberic - step 01: Click Delete Account link
<br>
				[INFO ] [2021-12-06 10:57:43,200] AccountNoFieldMustBeNumberic - step 02: input to account no textbox
<br>
				[INFO ] [2021-12-06 10:57:43,280] AccountNoFieldMustBeNumberic - step 03: Verify message
<br>
				[INFO ] [2021-12-06 10:57:43,313]  -------------------------- FAILED -------------------------- 
<br>
				[INFO ] [2021-12-06 10:57:43,313] AccountNoFieldMustBeNumberic - step 04: input to account no textbox
<br>
				[INFO ] [2021-12-06 10:57:43,375] AccountNoFieldMustBeNumberic - step 05: Verify message
<br>
				[INFO ] [2021-12-06 10:57:43,405]  -------------------------- FAILED -------------------------- 
<br>
				[INFO ] [2021-12-06 10:57:43,409] AccountNoFieldCannotHaveSpecialCharater - step 01: Click Delete Account link
<br>
				[INFO ] [2021-12-06 10:57:43,835] AccountNoFieldCannotHaveSpecialCharater - step 02: input to account no textbox
<br>
				[INFO ] [2021-12-06 10:57:43,914] AccountNoFieldCannotHaveSpecialCharater - step 03: Verify message
<br>
				[INFO ] [2021-12-06 10:57:43,946]  -------------------------- PASSED -------------------------- 
<br>
				[INFO ] [2021-12-06 10:57:43,946] AccountNoFieldCannotHaveSpecialCharater - step 04: input to account no textbox
<br>
				[INFO ] [2021-12-06 10:57:44,010] AccountNoFieldCannotHaveSpecialCharater - step 05: Verify message
<br>
				[INFO ] [2021-12-06 10:57:44,037]  -------------------------- PASSED -------------------------- 
<br>
				[INFO ] [2021-12-06 10:57:44,039] AccountNoFieldCannotHaveBlankSpace - step 01: Click Delete Account link
<br>
				[INFO ] [2021-12-06 10:57:44,463] AccountNoFieldCannotHaveBlankSpace - step 02: input to account no textbox
<br>
				[INFO ] [2021-12-06 10:57:44,542] AccountNoFieldCannotHaveBlankSpace - step 03: Verify message
<br>
				[INFO ] [2021-12-06 10:57:44,573]  -------------------------- PASSED -------------------------- 
<br>
				[INFO ] [2021-12-06 10:57:44,576] AccountNoFieldFirstCharacerCannotHaveSpace - step 01: Click Delete Account link
<br>
				[INFO ] [2021-12-06 10:57:45,020] AccountNoFieldFirstCharacerCannotHaveSpace - step 02: input to account no textbox
<br>
				[INFO ] [2021-12-06 10:57:45,091] AccountNoFieldFirstCharacerCannotHaveSpace - step 03: Verify message
<br>
				[INFO ] [2021-12-06 10:57:45,123]  -------------------------- FAILED -------------------------- 
<br>
				[INFO ] [2021-12-06 10:57:45,125] OS name = windows 10
<br>
				[INFO ] [2021-12-06 10:57:45,125] Driver instance name = windows 10
<br>
		</div>
	</div>
</div>
<!-- testrunner-logs view -->		</div>
		<!-- container -->
		<script>
			var statusGroup = {
                parentCount: 21,
				passParent: 17,
				failParent: 4,
				fatalParent: 0,
				errorParent: 0,
				warningParent: 0,
				skipParent: 0,
				exceptionsParent: 4,
				childCount: 0,
				passChild: 0,
				failChild: 0,
				fatalChild: 0,
				errorChild: 0,
				warningChild: 0,
				skipChild: 0,
				infoChild: 0,
				debugChild: 0,
				exceptionsChild: 0,
				grandChildCount: 0,
				passGrandChild: 0,
				failGrandChild: 0,
				fatalGrandChild: 0,
				errorGrandChild: 0,
				warningGrandChild: 0,
				skipGrandChild: 0,
				infoGrandChild: 0,
				debugGrandChild: 0,
				exceptionsGrandChild: 0,
			};
		</script>
		<script>
			var timeline = {
			        "EA_01_verifyAccountNoFieldCannotBeEmpty":18.172,"EA_03_verifyAccountNoFieldCannotHaveSpecialCharater":16.963,"NA_03_verifyCustomerIDFieldCannotHaveSpecialCharacter":31.548,"NA_05_verifyCustomerIDFieldFirstCharacterCannotBeSpace":31.017,"NA_04_verifyCustomerIDFieldCannotHaveBlackSpace":31.285,"NA_09_verifyDepositFieldCannotHaveBlackSpace":29.615,"NA_07_verifyDepositFieldMustBeNumeric":30.242,"EA_04_verifyAccountNoFieldValidAccountNumber":15.175,"DA_03_verifyAccountNoFieldCannotHaveSpecialCharater":2.099,"NA_06_verifyDepositFieldCannotBeEmpty":30.621,"NA_10_verifyDepositFieldFirstCharacterCannotBeSpace":29.347,"EA_02_verifyAccountNoFieldMustBeNumberic":17.6,"NA_08_verifyDepositFieldCannotHaveSpecialCharacter":29.879,"NA_01_verifyCustomerIDFieldCannotBeEmpty":32.353,"EA_05_verifyAccountNoFieldCannotHaveBlankSpace":14.38,"NA_02_verifyCustomerIDFieldMustBeNumeric":31.914,"DA_04_verifyAccountNoFieldCannotHaveBlankSpace":1.564,"DA_05_verifyAccountNoFieldFirstCharacerCannotHaveSpace":1.015,"DA_02_verifyAccountNoFieldMustBeNumberic":2.735,"EA_06_verifyAccountNoFieldFirstCharacerCannotHaveSpace":13.598,"DA_01_verifyAccountNoFieldCannotBeEmpty":3.375
			};
		</script>
		<script src='https://cdn.rawgit.com/extent-framework/extent-github-cdn/b65cd69/v3html/js/extent.js' type='text/javascript'></script>
		<script type='text/javascript'>
		</script>
	</body>
</html>