<?xml version="1.0" encoding="UTF-8"?>
<!-- Generated by org.testng.reporters.JUnitXMLReporter -->
<testsuite hostname="DESKTOP-OL729TN" ignored="0" name="Default test" tests="28" failures="0" timestamp="01 Dec 2021 06:30:48 GMT" time="0.241" errors="0">
  <testcase name="@BeforeClass beforeClass" time="0.0" classname="com.bankguru.customer.NewCustomer">
    <failure type="org.testng.TestNGException" message="
Parameter &amp;apos;browser&amp;apos; is required by BeforeClass on method beforeClass but has not been marked @Optional or defined
in C:\Users\PhuongHM\AppData\Local\Temp\testng-eclipse--511341517\testng-customsuite.xml">
      <![CDATA[org.testng.TestNGException: 
Parameter 'browser' is required by BeforeClass on method beforeClass but has not been marked @Optional or defined
in C:\Users\PhuongHM\AppData\Local\Temp\testng-eclipse--511341517\testng-customsuite.xml
at org.testng.internal.Parameters.createParams(Parameters.java:290)
at org.testng.internal.Parameters.createParametersForMethod(Parameters.java:359)
at org.testng.internal.Parameters.createParameters(Parameters.java:620)
at org.testng.internal.Parameters.createConfigurationParameters(Parameters.java:190)
at org.testng.internal.Invoker.invokeConfigurations(Invoker.java:209)
at org.testng.internal.Invoker.invokeConfigurations(Invoker.java:142)
at org.testng.internal.TestMethodWorker.invokeBeforeClassMethods(TestMethodWorker.java:168)
at org.testng.internal.TestMethodWorker.run(TestMethodWorker.java:105)
at org.testng.TestRunner.privateRun(TestRunner.java:648)
at org.testng.TestRunner.run(TestRunner.java:505)
at org.testng.SuiteRunner.runTest(SuiteRunner.java:455)
at org.testng.SuiteRunner.runSequentially(SuiteRunner.java:450)
at org.testng.SuiteRunner.privateRun(SuiteRunner.java:415)
at org.testng.SuiteRunner.run(SuiteRunner.java:364)
at org.testng.SuiteRunnerWorker.runSuite(SuiteRunnerWorker.java:52)
at org.testng.SuiteRunnerWorker.run(SuiteRunnerWorker.java:84)
at org.testng.TestNG.runSuitesSequentially(TestNG.java:1208)
at org.testng.TestNG.runSuitesLocally(TestNG.java:1137)
at org.testng.TestNG.runSuites(TestNG.java:1049)
at org.testng.TestNG.run(TestNG.java:1017)
at org.testng.remote.AbstractRemoteTestNG.run(AbstractRemoteTestNG.java:115)
at org.testng.remote.RemoteTestNG.initAndRun(RemoteTestNG.java:251)
at org.testng.remote.RemoteTestNG.main(RemoteTestNG.java:77)
]]>
    </failure>
  </testcase> <!-- @BeforeClass beforeClass -->
  <testcase name="@AfterClass afterClass" time="0.0" classname="com.bankguru.customer.NewCustomer">
    <skipped/>
  </testcase> <!-- @AfterClass afterClass -->
  <testcase name="@AfterTest afterTest" time="0.0" classname="com.bankguru.customer.NewCustomer">
    <skipped/>
  </testcase> <!-- @AfterTest afterTest -->
  <testcase name="NC_01_verifyNameFieldCannotBeEmpty" time="0.0" classname="com.bankguru.customer.NewCustomer">
    <skipped/>
  </testcase> <!-- NC_01_verifyNameFieldCannotBeEmpty -->
  <testcase name="NC_02_verifyNameFieldCannotBeNumeric" time="0.0" classname="com.bankguru.customer.NewCustomer">
    <skipped/>
  </testcase> <!-- NC_02_verifyNameFieldCannotBeNumeric -->
  <testcase name="NC_03_verifyNameFieldCannotHaveSpecialCharaters" time="0.0" classname="com.bankguru.customer.NewCustomer">
    <skipped/>
  </testcase> <!-- NC_03_verifyNameFieldCannotHaveSpecialCharaters -->
  <testcase name="NC_04_verifyNameFieldCannotHaveFirstCharacterAsBlank" time="0.0" classname="com.bankguru.customer.NewCustomer">
    <skipped/>
  </testcase> <!-- NC_04_verifyNameFieldCannotHaveFirstCharacterAsBlank -->
  <testcase name="NC_05_verifyAddressFieldCannotBeEmpty" time="0.0" classname="com.bankguru.customer.NewCustomer">
    <skipped/>
  </testcase> <!-- NC_05_verifyAddressFieldCannotBeEmpty -->
  <testcase name="NC_06_verifyAddressFieldCannotHaveFirstCharacterAsBlank" time="0.0" classname="com.bankguru.customer.NewCustomer">
    <skipped/>
  </testcase> <!-- NC_06_verifyAddressFieldCannotHaveFirstCharacterAsBlank -->
  <testcase name="NC_08_verifyCityFieldCannotBeEmpty" time="0.0" classname="com.bankguru.customer.NewCustomer">
    <skipped/>
  </testcase> <!-- NC_08_verifyCityFieldCannotBeEmpty -->
  <testcase name="NC_09_verifyCityFieldCannotBeNumeric" time="0.0" classname="com.bankguru.customer.NewCustomer">
    <skipped/>
  </testcase> <!-- NC_09_verifyCityFieldCannotBeNumeric -->
  <testcase name="NC_10_verifyCityFieldCannotHaveSpecialCharaters" time="0.0" classname="com.bankguru.customer.NewCustomer">
    <skipped/>
  </testcase> <!-- NC_10_verifyCityFieldCannotHaveSpecialCharaters -->
  <testcase name="NC_11_verifyCityFieldCannotHaveFirstCharacterAsBlank" time="0.0" classname="com.bankguru.customer.NewCustomer">
    <skipped/>
  </testcase> <!-- NC_11_verifyCityFieldCannotHaveFirstCharacterAsBlank -->
  <testcase name="NC_12_verifyStateFieldCannotBeEmpty" time="0.0" classname="com.bankguru.customer.NewCustomer">
    <skipped/>
  </testcase> <!-- NC_12_verifyStateFieldCannotBeEmpty -->
  <testcase name="NC_13_verifyStateFieldCannotBeNumeric" time="0.0" classname="com.bankguru.customer.NewCustomer">
    <skipped/>
  </testcase> <!-- NC_13_verifyStateFieldCannotBeNumeric -->
  <testcase name="NC_14_verifyStateFieldCannotHaveSpecialCharaters" time="0.0" classname="com.bankguru.customer.NewCustomer">
    <skipped/>
  </testcase> <!-- NC_14_verifyStateFieldCannotHaveSpecialCharaters -->
  <testcase name="NC_15_verifyStateFieldCannotHaveFirstBlankSpace" time="0.0" classname="com.bankguru.customer.NewCustomer">
    <skipped/>
  </testcase> <!-- NC_15_verifyStateFieldCannotHaveFirstBlankSpace -->
  <testcase name="NC_16_verifyPinFieldMustBeNumeric" time="0.0" classname="com.bankguru.customer.NewCustomer">
    <skipped/>
  </testcase> <!-- NC_16_verifyPinFieldMustBeNumeric -->
  <testcase name="NC_17_verifyPinFieldCannotBeEmpty" time="0.0" classname="com.bankguru.customer.NewCustomer">
    <skipped/>
  </testcase> <!-- NC_17_verifyPinFieldCannotBeEmpty -->
  <testcase name="NC_18_verifyPinFieldMustHaveSixDigits" time="0.0" classname="com.bankguru.customer.NewCustomer">
    <skipped/>
  </testcase> <!-- NC_18_verifyPinFieldMustHaveSixDigits -->
  <testcase name="NC_19_verifyPinFieldCannotHaveSpecialCharaters" time="0.0" classname="com.bankguru.customer.NewCustomer">
    <skipped/>
  </testcase> <!-- NC_19_verifyPinFieldCannotHaveSpecialCharaters -->
  <testcase name="NC_20_verifyPinFieldCannotHaveFirstBlankSpace" time="0.0" classname="com.bankguru.customer.NewCustomer">
    <skipped/>
  </testcase> <!-- NC_20_verifyPinFieldCannotHaveFirstBlankSpace -->
  <testcase name="NC_21_verifyPinFieldCannotHaveBlankSpace" time="0.0" classname="com.bankguru.customer.NewCustomer">
    <skipped/>
  </testcase> <!-- NC_21_verifyPinFieldCannotHaveBlankSpace -->
  <testcase name="NC_22_verifyTelephoneFieldCannotBeEmpty" time="0.0" classname="com.bankguru.customer.NewCustomer">
    <skipped/>
  </testcase> <!-- NC_22_verifyTelephoneFieldCannotBeEmpty -->
  <testcase name="NC_23_verifyTelephoneFieldCannotHaveFirstCharacterAsBlackSpace" time="0.0" classname="com.bankguru.customer.NewCustomer">
    <skipped/>
  </testcase> <!-- NC_23_verifyTelephoneFieldCannotHaveFirstCharacterAsBlackSpace -->
  <testcase name="NC_24_verifyTelephoneFieldCannotHaveSpaces" time="0.0" classname="com.bankguru.customer.NewCustomer">
    <skipped/>
  </testcase> <!-- NC_24_verifyTelephoneFieldCannotHaveSpaces -->
  <testcase name="NC_25_verifyTelephoneFieldCannotHaveSpecialCharacter" time="0.0" classname="com.bankguru.customer.NewCustomer">
    <skipped/>
  </testcase> <!-- NC_25_verifyTelephoneFieldCannotHaveSpecialCharacter -->
  <testcase name="NC_26_verifyEmailFieldCannotBeEmpty" time="0.0" classname="com.bankguru.customer.NewCustomer">
    <skipped/>
  </testcase> <!-- NC_26_verifyEmailFieldCannotBeEmpty -->
  <testcase name="NC_27_verifyEmailFieldMustBeInCorrectFormat" time="0.0" classname="com.bankguru.customer.NewCustomer">
    <skipped/>
  </testcase> <!-- NC_27_verifyEmailFieldMustBeInCorrectFormat -->
  <testcase name="NC_29_verifyEmailFieldCannotHaveSpace" time="0.0" classname="com.bankguru.customer.NewCustomer">
    <skipped/>
  </testcase> <!-- NC_29_verifyEmailFieldCannotHaveSpace -->
  <testcase name="NC_30_verifyAllFieldLabelsAreAsRequirement" time="0.0" classname="com.bankguru.customer.NewCustomer">
    <skipped/>
  </testcase> <!-- NC_30_verifyAllFieldLabelsAreAsRequirement -->
</testsuite> <!-- Default test -->
